2025-05-15 00:01:10,188 - INFO - GUI_INIT - STATUS - SUCCESS - Initialized GUI
2025-05-15 00:01:10,191 - INFO - GUI_STATUS - UPDATE - SUCCESS - Status updated: Query Status: Ready
Transaction Status: No active transaction
2025-05-15 00:01:30,715 - INFO - QUERY_PARSE - DATABASE - SUCCESS - operation:use_db, name:lms
2025-05-15 00:01:30,715 - INFO - GUI_STATUS - UPDATE - SUCCESS - Status updated: Query Status: Ready
Transaction Status: No active transaction
2025-05-15 00:01:39,349 - INFO - GUI_QUERY_EXECUTE - ERROR - FAILED - query:use database lms, error:MainWindow._handle_use_db() got an unexpected keyword argument 'name'
2025-05-15 00:08:41,556 - INFO - GUI_INIT - STATUS - SUCCESS - Initialized GUI
2025-05-15 00:08:41,565 - INFO - GUI_STATUS - UPDATE - SUCCESS - Status updated: Query Status: Ready
Transaction Status: No active transaction
2025-05-15 00:12:11,029 - INFO - GUI_INIT - STATUS - SUCCESS - Initialized GUI
2025-05-15 00:12:11,046 - INFO - GUI_STATUS - UPDATE - SUCCESS - Status updated: Query Status: Ready
Transaction Status: No active transaction
2025-05-15 00:13:08,291 - INFO - GUI_INIT - STATUS - SUCCESS - Initialized GUI
2025-05-15 00:13:08,301 - INFO - GUI_STATUS - UPDATE - SUCCESS - Status updated: Query Status: Ready
Transaction Status: No active transaction
2025-05-15 00:15:32,372 - INFO - GUI_INIT - STATUS - SUCCESS - Initialized GUI
2025-05-15 00:15:32,374 - INFO - GUI_STATUS - UPDATE - SUCCESS - Status updated: Query Status: Ready
Transaction Status: No active transaction
2025-05-15 00:21:38,421 - INFO - GUI_INIT - STATUS - SUCCESS - Initialized GUI
2025-05-15 00:21:38,425 - INFO - GUI_STATUS - UPDATE - SUCCESS - Status updated: Query Status: Ready
Transaction Status: No active transaction
2025-05-15 00:21:49,418 - INFO - GUI_INIT - STATUS - SUCCESS - Initialized GUI
2025-05-15 00:21:49,418 - INFO - GUI_STATUS - UPDATE - SUCCESS - Status updated: Query Status: Ready
Transaction Status: No active transaction
2025-05-15 00:30:59,941 - INFO - GUI_INIT - STATUS - SUCCESS - Initialized GUI
2025-05-15 00:30:59,941 - INFO - GUI_STATUS - UPDATE - SUCCESS - Status updated: Query Status: Ready
Transaction Status: No active transaction
2025-05-15 07:57:41,373 - INFO - GUI_INIT - STATUS - SUCCESS - Initialized GUI
2025-05-15 07:57:41,377 - INFO - GUI_STATUS - UPDATE - SUCCESS - Status updated: Query Status: Ready
Transaction Status: No active transaction
2025-05-15 07:57:49,332 - INFO - GUI_STATUS - UPDATE - SUCCESS - Status updated: Query Status: Using database 'fiveriver'
Transaction Status: No active transaction
2025-05-15 07:57:50,540 - INFO - GUI_STATUS - UPDATE - SUCCESS - Status updated: Query Status: Using database 'fiveriver'
Transaction Status: No active transaction
2025-05-15 07:57:50,548 - INFO - DATA_LOAD - collection:users - SUCCESS - loaded 6 documents
2025-05-15 07:57:50,548 - INFO - COLLECTION_INIT - collection:users - COMPLETED - path:db\fiveriver\users.json, indexes:[], documents:6
2025-05-15 07:57:50,559 - INFO - QUERY_EXECUTE - collection:users - FULL_SCAN - FULL_SCAN query returned 6 docs in 0.66ms (reason: No query provided)
2025-05-15 07:57:50,565 - INFO - GUI_STATUS - UPDATE - SUCCESS - Status updated: Query Status: Found 6 documents in 1.48ms (full scan)
Transaction Status: No active transaction
2025-05-15 07:58:12,632 - INFO - QUERY_PARSE - DOCUMENT - SUCCESS - operation:insert, collection:users
2025-05-15 07:58:12,634 - INFO - GUI_STATUS - UPDATE - SUCCESS - Status updated: Query Status: Found 6 documents in 1.48ms (full scan)
Transaction Status: No active transaction
2025-05-15 07:58:24,065 - INFO - GUI_QUERY_EXECUTE - ERROR - FAILED - query:DAKHIL KARO users {"name": "Alice", "age": 25}, error:MainWindow._handle_insert() got an unexpected keyword argument 'collection'
2025-05-15 07:58:30,466 - INFO - QUERY_PARSE - DOCUMENT - SUCCESS - operation:insert, collection:users
2025-05-15 07:58:30,467 - INFO - GUI_STATUS - UPDATE - SUCCESS - Status updated: Query Status: Found 6 documents in 1.48ms (full scan)
Transaction Status: No active transaction
2025-05-15 08:03:19,835 - INFO - GUI_INIT - STATUS - SUCCESS - Initialized GUI
2025-05-15 08:03:19,839 - INFO - GUI_STATUS - UPDATE - SUCCESS - Status updated: Query Status: Ready
Transaction Status: No active transaction
2025-05-15 08:03:47,267 - INFO - GUI_STATUS - UPDATE - SUCCESS - Status updated: Query Status: Using database 'fiveriver'
Transaction Status: No active transaction
2025-05-15 08:03:48,613 - INFO - GUI_STATUS - UPDATE - SUCCESS - Status updated: Query Status: Using database 'fiveriver'
Transaction Status: No active transaction
2025-05-15 08:03:48,641 - INFO - DATA_LOAD - collection:users - SUCCESS - loaded 6 documents
2025-05-15 08:03:48,641 - INFO - COLLECTION_INIT - collection:users - COMPLETED - path:db\fiveriver\users.json, indexes:[], documents:6
2025-05-15 08:03:48,641 - INFO - QUERY_EXECUTE - collection:users - FULL_SCAN - FULL_SCAN query returned 6 docs in 0.32ms (reason: No query provided)
2025-05-15 08:03:48,649 - INFO - GUI_STATUS - UPDATE - SUCCESS - Status updated: Query Status: Found 6 documents in 0.74ms (full scan)
Transaction Status: No active transaction
2025-05-15 08:03:59,000 - INFO - QUERY_PARSE - DOCUMENT - SUCCESS - operation:insert, collection:users
2025-05-15 08:03:59,000 - INFO - GUI_STATUS - UPDATE - SUCCESS - Status updated: Query Status: Found 6 documents in 0.74ms (full scan)
Transaction Status: No active transaction
2025-05-15 08:05:25,511 - INFO - GUI_QUERY_EXECUTE - ERROR - FAILED - query:DAKHIL KARO users {"name": "Alice", "age": 25}, error:MainWindow._handle_insert() got an unexpected keyword argument 'collection_name'
2025-05-15 08:06:54,476 - INFO - GUI_INIT - STATUS - SUCCESS - Initialized GUI
2025-05-15 08:06:54,476 - INFO - GUI_STATUS - UPDATE - SUCCESS - Status updated: Query Status: Ready
Transaction Status: No active transaction
2025-05-15 08:07:04,341 - INFO - GUI_STATUS - UPDATE - SUCCESS - Status updated: Query Status: Using database 'fiveriver'
Transaction Status: No active transaction
2025-05-15 08:07:05,453 - INFO - GUI_STATUS - UPDATE - SUCCESS - Status updated: Query Status: Using database 'fiveriver'
Transaction Status: No active transaction
2025-05-15 08:07:05,455 - INFO - DATA_LOAD - collection:users - SUCCESS - loaded 6 documents
2025-05-15 08:07:05,455 - INFO - COLLECTION_INIT - collection:users - COMPLETED - path:db\fiveriver\users.json, indexes:[], documents:6
2025-05-15 08:07:05,455 - INFO - QUERY_EXECUTE - collection:users - FULL_SCAN - FULL_SCAN query returned 6 docs in 0.39ms (reason: No query provided)
2025-05-15 08:07:05,455 - INFO - GUI_STATUS - UPDATE - SUCCESS - Status updated: Query Status: Found 6 documents in 0.83ms (full scan)
Transaction Status: No active transaction
2025-05-15 08:07:19,354 - INFO - QUERY_PARSE - DOCUMENT - SUCCESS - operation:insert, collection:users
2025-05-15 08:07:19,356 - INFO - GUI_STATUS - UPDATE - SUCCESS - Status updated: Query Status: Found 6 documents in 0.83ms (full scan)
Transaction Status: No active transaction
2025-05-15 08:07:23,111 - INFO - GUI_QUERY_EXECUTE - ERROR - FAILED - query:DAKHIL KARO users {"name": "Alice", "age": 25}, error:Unsupported operation: dakhil karo
2025-05-15 08:10:45,104 - INFO - GUI_INIT - STATUS - SUCCESS - Initialized GUI
2025-05-15 08:10:45,113 - INFO - GUI_STATUS - UPDATE - SUCCESS - Status updated: Query Status: Ready
Transaction Status: No active transaction
2025-05-15 08:10:54,194 - INFO - GUI_STATUS - UPDATE - SUCCESS - Status updated: Query Status: Using database 'fiveriver'
Transaction Status: No active transaction
2025-05-15 08:10:55,741 - INFO - GUI_STATUS - UPDATE - SUCCESS - Status updated: Query Status: Using database 'fiveriver'
Transaction Status: No active transaction
2025-05-15 08:10:55,743 - INFO - DATA_LOAD - collection:users - SUCCESS - loaded 6 documents
2025-05-15 08:10:55,743 - INFO - COLLECTION_INIT - collection:users - COMPLETED - path:db\fiveriver\users.json, indexes:[], documents:6
2025-05-15 08:10:55,743 - INFO - QUERY_EXECUTE - collection:users - FULL_SCAN - FULL_SCAN query returned 6 docs in 0.44ms (reason: No query provided)
2025-05-15 08:10:55,754 - INFO - GUI_STATUS - UPDATE - SUCCESS - Status updated: Query Status: Found 6 documents in 1.07ms (full scan)
Transaction Status: No active transaction
2025-05-15 08:11:04,386 - INFO - QUERY_PARSE - DOCUMENT - SUCCESS - operation:insert, collection:users
2025-05-15 08:11:04,388 - INFO - GUI_STATUS - UPDATE - SUCCESS - Status updated: Query Status: Found 6 documents in 1.07ms (full scan)
Transaction Status: No active transaction
2025-05-15 08:17:58,027 - INFO - GUI_INIT - STATUS - SUCCESS - Initialized GUI
2025-05-15 08:17:58,028 - INFO - GUI_STATUS - UPDATE - SUCCESS - Status updated: Query Status: Ready
Transaction Status: No active transaction
2025-05-15 08:18:01,347 - INFO - GUI_STATUS - UPDATE - SUCCESS - Status updated: Query Status: Using database 'fiveriver'
Transaction Status: No active transaction
2025-05-15 08:18:02,365 - INFO - GUI_STATUS - UPDATE - SUCCESS - Status updated: Query Status: Using database 'fiveriver'
Transaction Status: No active transaction
2025-05-15 08:18:02,365 - INFO - DATA_LOAD - collection:users - SUCCESS - loaded 6 documents
2025-05-15 08:18:02,369 - INFO - COLLECTION_INIT - collection:users - COMPLETED - path:db\fiveriver\users.json, indexes:[], documents:6
2025-05-15 08:18:02,369 - INFO - QUERY_EXECUTE - collection:users - FULL_SCAN - FULL_SCAN query returned 6 docs in 0.46ms (reason: No query provided)
2025-05-15 08:18:02,378 - INFO - GUI_STATUS - UPDATE - SUCCESS - Status updated: Query Status: Found 6 documents in 1.20ms (full scan)
Transaction Status: No active transaction
2025-05-15 08:18:10,244 - INFO - QUERY_PARSE - DOCUMENT - SUCCESS - operation:insert, collection:users
2025-05-15 08:18:10,245 - INFO - GUI_STATUS - UPDATE - SUCCESS - Status updated: Query Status: Found 6 documents in 1.20ms (full scan)
Transaction Status: No active transaction
2025-05-15 08:18:12,264 - INFO - GUI_QUERY_EXECUTE - ERROR - FAILED - query:DAKHIL KARO users {"name": "Alice", "age": 25}, error:Unsupported operation: dakhil karo
2025-05-15 08:19:03,452 - INFO - GUI_INIT - STATUS - SUCCESS - Initialized GUI
2025-05-15 08:19:03,459 - INFO - GUI_STATUS - UPDATE - SUCCESS - Status updated: Query Status: Ready
Transaction Status: No active transaction
2025-05-15 08:19:06,091 - INFO - GUI_STATUS - UPDATE - SUCCESS - Status updated: Query Status: Using database 'fiveriver'
Transaction Status: No active transaction
2025-05-15 08:19:07,106 - INFO - GUI_STATUS - UPDATE - SUCCESS - Status updated: Query Status: Using database 'fiveriver'
Transaction Status: No active transaction
2025-05-15 08:19:07,106 - INFO - DATA_LOAD - collection:users - SUCCESS - loaded 6 documents
2025-05-15 08:19:07,106 - INFO - COLLECTION_INIT - collection:users - COMPLETED - path:db\fiveriver\users.json, indexes:[], documents:6
2025-05-15 08:19:07,109 - INFO - QUERY_EXECUTE - collection:users - FULL_SCAN - FULL_SCAN query returned 6 docs in 0.29ms (reason: No query provided)
2025-05-15 08:19:07,110 - INFO - GUI_STATUS - UPDATE - SUCCESS - Status updated: Query Status: Found 6 documents in 0.75ms (full scan)
Transaction Status: No active transaction
2025-05-15 08:19:17,959 - INFO - QUERY_PARSE - DOCUMENT - SUCCESS - operation:insert, collection:users
2025-05-15 08:19:17,959 - INFO - GUI_STATUS - UPDATE - SUCCESS - Status updated: Query Status: Found 6 documents in 0.75ms (full scan)
Transaction Status: No active transaction
2025-05-15 08:19:21,153 - INFO - GUI_QUERY_EXECUTE - ERROR - FAILED - query:DAKHIL KARO users {"name": "Alice", "age": 25}, error:MainWindow._handle_insert() got an unexpected keyword argument 'collection'
2025-05-15 08:20:37,791 - INFO - GUI_INIT - STATUS - SUCCESS - Initialized GUI
2025-05-15 08:20:37,791 - INFO - GUI_STATUS - UPDATE - SUCCESS - Status updated: Query Status: Ready
Transaction Status: No active transaction
2025-05-15 08:20:43,865 - INFO - GUI_STATUS - UPDATE - SUCCESS - Status updated: Query Status: Using database 'fiveriver'
Transaction Status: No active transaction
2025-05-15 08:20:44,892 - INFO - GUI_STATUS - UPDATE - SUCCESS - Status updated: Query Status: Using database 'fiveriver'
Transaction Status: No active transaction
2025-05-15 08:20:44,892 - INFO - DATA_LOAD - collection:users - SUCCESS - loaded 6 documents
2025-05-15 08:20:44,892 - INFO - COLLECTION_INIT - collection:users - COMPLETED - path:db\fiveriver\users.json, indexes:[], documents:6
2025-05-15 08:20:44,892 - INFO - QUERY_EXECUTE - collection:users - FULL_SCAN - FULL_SCAN query returned 6 docs in 0.48ms (reason: No query provided)
2025-05-15 08:20:44,910 - INFO - GUI_STATUS - UPDATE - SUCCESS - Status updated: Query Status: Found 6 documents in 1.06ms (full scan)
Transaction Status: No active transaction
2025-05-15 08:20:52,155 - INFO - QUERY_PARSE - DOCUMENT - SUCCESS - operation:insert, collection:users
2025-05-15 08:20:52,157 - INFO - GUI_STATUS - UPDATE - SUCCESS - Status updated: Query Status: Found 6 documents in 1.06ms (full scan)
Transaction Status: No active transaction
2025-05-15 08:26:22,422 - INFO - GUI_QUERY_EXECUTE - ERROR - FAILED - query:DAKHIL KARO users {"name": "Alice", "age": 25}, error:MainWindow._handle_insert() got an unexpected keyword argument 'collection'
2025-05-15 08:26:29,388 - INFO - QUERY_PARSE - DATABASE - SUCCESS - operation:use_db, name:b
2025-05-15 08:26:29,388 - INFO - GUI_STATUS - UPDATE - SUCCESS - Status updated: Query Status: Found 6 documents in 1.06ms (full scan)
Transaction Status: No active transaction
2025-05-15 08:26:32,196 - INFO - GUI_QUERY_EXECUTE - ERROR - FAILED - query:use database b, error:MainWindow._handle_use_db() got an unexpected keyword argument 'name'
2025-05-15 08:28:29,606 - INFO - GUI_INIT - STATUS - SUCCESS - Initialized GUI
2025-05-15 08:28:29,611 - INFO - GUI_STATUS - UPDATE - SUCCESS - Status updated: Query Status: Ready
Transaction Status: No active transaction
2025-05-15 08:28:32,639 - INFO - GUI_STATUS - UPDATE - SUCCESS - Status updated: Query Status: Using database 'fiveriver'
Transaction Status: No active transaction
2025-05-15 08:28:33,716 - INFO - GUI_STATUS - UPDATE - SUCCESS - Status updated: Query Status: Using database 'fiveriver'
Transaction Status: No active transaction
2025-05-15 08:28:33,718 - INFO - DATA_LOAD - collection:users - SUCCESS - loaded 6 documents
2025-05-15 08:28:33,721 - INFO - COLLECTION_INIT - collection:users - COMPLETED - path:db\fiveriver\users.json, indexes:[], documents:6
2025-05-15 08:28:33,721 - INFO - QUERY_EXECUTE - collection:users - FULL_SCAN - FULL_SCAN query returned 6 docs in 0.87ms (reason: No query provided)
2025-05-15 08:28:33,736 - INFO - GUI_STATUS - UPDATE - SUCCESS - Status updated: Query Status: Found 6 documents in 1.94ms (full scan)
Transaction Status: No active transaction
2025-05-15 08:28:35,147 - INFO - QUERY_PARSE - DOCUMENT - SUCCESS - operation:insert, collection:users
2025-05-15 08:28:35,151 - INFO - DATA_SAVE - collection:users - SUCCESS - saved 7 documents
2025-05-15 08:28:35,151 - INFO - DOCUMENT_INSERT - collection:users - SUCCESS - id:5e506ca3-1ad3-43fa-bba6-70f8d65dda29
2025-05-15 08:28:35,151 - INFO - QUERY_EXECUTE - collection:users - FULL_SCAN - FULL_SCAN query returned 7 docs in 0.46ms (reason: No query provided)
2025-05-15 08:28:35,162 - INFO - GUI_STATUS - UPDATE - SUCCESS - Status updated: Query Status: Document inserted with ID: 5e506ca3-1ad3-43fa-bba6-70f8d65dda29
Transaction Status: No active transaction
2025-05-15 08:39:16,467 - INFO - GUI_INIT - STATUS - SUCCESS - Initialized GUI
2025-05-15 08:39:16,467 - INFO - GUI_STATUS - UPDATE - SUCCESS - Status updated: Query Status: Ready
Transaction Status: No active transaction
2025-05-15 08:39:25,722 - INFO - QUERY_PARSE - DATABASE - SUCCESS - operation:create_db, name:anao mera_db
2025-05-15 08:39:25,722 - INFO - GUI_STATUS - UPDATE - SUCCESS - Status updated: Query Status: Ready
Transaction Status: No active transaction
2025-05-15 08:43:54,770 - INFO - GUI_QUERY_EXECUTE - ERROR - FAILED - query:nava database banao mera_db, error:MainWindow._handle_create_db() got an unexpected keyword argument 'name'
2025-05-15 08:44:05,133 - INFO - GUI_INIT - STATUS - SUCCESS - Initialized GUI
2025-05-15 08:44:05,133 - INFO - GUI_STATUS - UPDATE - SUCCESS - Status updated: Query Status: Ready
Transaction Status: No active transaction
2025-05-15 08:44:25,312 - INFO - QUERY_PARSE - DATABASE - SUCCESS - operation:create_db, name:anao mera_db
2025-05-15 08:44:25,312 - INFO - GUI_STATUS - UPDATE - SUCCESS - Status updated: Query Status: Ready
Transaction Status: No active transaction
2025-05-15 08:44:27,285 - INFO - GUI_QUERY_EXECUTE - ERROR - FAILED - query:nava database banao mera_db, error:Database name can only contain alphanumeric characters, underscores, and hyphens
2025-05-15 08:44:28,428 - INFO - GUI_STATUS - UPDATE - SUCCESS - Status updated: Query Status: Using database 'fiveriver'
Transaction Status: No active transaction
2025-05-15 08:44:29,945 - INFO - GUI_STATUS - UPDATE - SUCCESS - Status updated: Query Status: Using database 'fiveriver'
Transaction Status: No active transaction
2025-05-15 08:44:29,945 - INFO - DATA_LOAD - collection:users - SUCCESS - loaded 7 documents
2025-05-15 08:44:29,956 - INFO - COLLECTION_INIT - collection:users - COMPLETED - path:db\fiveriver\users.json, indexes:[], documents:7
2025-05-15 08:44:29,956 - INFO - QUERY_EXECUTE - collection:users - FULL_SCAN - FULL_SCAN query returned 7 docs in 0.47ms (reason: No query provided)
2025-05-15 08:44:29,965 - INFO - GUI_STATUS - UPDATE - SUCCESS - Status updated: Query Status: Found 7 documents in 1.02ms (full scan)
Transaction Status: No active transaction
2025-05-15 08:44:31,145 - INFO - QUERY_PARSE - DATABASE - SUCCESS - operation:create_db, name:anao mera_db
2025-05-15 08:44:31,145 - INFO - GUI_STATUS - UPDATE - SUCCESS - Status updated: Query Status: Found 7 documents in 1.02ms (full scan)
Transaction Status: No active transaction
2025-05-15 08:44:32,968 - INFO - GUI_QUERY_EXECUTE - ERROR - FAILED - query:nava database banao mera_db, error:Database name can only contain alphanumeric characters, underscores, and hyphens
2025-05-15 08:44:37,778 - INFO - QUERY_PARSE - DATABASE - SUCCESS - operation:create_db, name:anao meradb
2025-05-15 08:44:37,778 - INFO - GUI_STATUS - UPDATE - SUCCESS - Status updated: Query Status: Found 7 documents in 1.02ms (full scan)
Transaction Status: No active transaction
2025-05-15 08:44:45,286 - INFO - GUI_QUERY_EXECUTE - ERROR - FAILED - query:nava database banao meradb, error:Database name can only contain alphanumeric characters, underscores, and hyphens
2025-05-15 08:48:13,701 - INFO - GUI_INIT - STATUS - SUCCESS - Initialized GUI
2025-05-15 08:48:13,702 - INFO - GUI_STATUS - UPDATE - SUCCESS - Status updated: Query Status: Ready
Transaction Status: No active transaction
2025-05-15 08:48:21,455 - INFO - GUI_STATUS - UPDATE - SUCCESS - Status updated: Query Status: Using database 'fiveriver'
Transaction Status: No active transaction
2025-05-15 08:48:22,416 - INFO - GUI_STATUS - UPDATE - SUCCESS - Status updated: Query Status: Using database 'fiveriver'
Transaction Status: No active transaction
2025-05-15 08:48:22,418 - INFO - DATA_LOAD - collection:users - SUCCESS - loaded 7 documents
2025-05-15 08:48:22,419 - INFO - COLLECTION_INIT - collection:users - COMPLETED - path:db\fiveriver\users.json, indexes:[], documents:7
2025-05-15 08:48:22,419 - INFO - QUERY_EXECUTE - collection:users - FULL_SCAN - FULL_SCAN query returned 7 docs in 0.33ms (reason: No query provided)
2025-05-15 08:48:22,424 - INFO - GUI_STATUS - UPDATE - SUCCESS - Status updated: Query Status: Found 7 documents in 0.77ms (full scan)
Transaction Status: No active transaction
2025-05-15 08:48:48,284 - INFO - QUERY_PARSE - DATABASE - SUCCESS - operation:create_db, name:mera_db
2025-05-15 08:48:48,284 - INFO - GUI_STATUS - UPDATE - SUCCESS - Status updated: Query Status: Found 7 documents in 0.77ms (full scan)
Transaction Status: No active transaction
2025-05-15 08:48:50,578 - INFO - GUI_QUERY_EXECUTE - ERROR - FAILED - query:nava database banao mera_db, error:Database name can only contain alphanumeric characters, underscores, and hyphens
2025-05-15 08:48:53,806 - INFO - QUERY_PARSE - DATABASE - SUCCESS - operation:create_db, name:mera
2025-05-15 08:48:53,806 - INFO - GUI_STATUS - UPDATE - SUCCESS - Status updated: Query Status: Found 7 documents in 0.77ms (full scan)
Transaction Status: No active transaction
2025-05-15 08:48:56,785 - INFO - GUI_QUERY_EXECUTE - ERROR - FAILED - query:nava database banao mera, error:Database name can only contain alphanumeric characters, underscores, and hyphens
2025-05-15 08:49:08,975 - INFO - QUERY_PARSE - DATABASE - SUCCESS - operation:create_db, name:mera
2025-05-15 08:49:08,975 - INFO - GUI_STATUS - UPDATE - SUCCESS - Status updated: Query Status: Found 7 documents in 0.77ms (full scan)
Transaction Status: No active transaction
2025-05-15 08:50:43,624 - INFO - GUI_QUERY_EXECUTE - ERROR - FAILED - query:nava database banao mera, error:Database name can only contain alphanumeric characters, underscores, and hyphens
2025-05-15 08:51:23,798 - INFO - GUI_INIT - STATUS - SUCCESS - Initialized GUI
2025-05-15 08:51:23,800 - INFO - GUI_STATUS - UPDATE - SUCCESS - Status updated: Query Status: Ready
Transaction Status: No active transaction
2025-05-15 08:51:28,557 - INFO - QUERY_PARSE - DATABASE - SUCCESS - operation:create_db, name:mera
2025-05-15 08:51:28,568 - INFO - GUI_STATUS - UPDATE - SUCCESS - Status updated: Query Status: Database 'mera' created
Transaction Status: No active transaction
2025-05-15 08:51:38,465 - INFO - GUI_STATUS - UPDATE - SUCCESS - Status updated: Query Status: Using database 'mera'
Transaction Status: No active transaction
2025-05-15 08:56:11,785 - INFO - GUI_INIT - STATUS - SUCCESS - Initialized GUI
2025-05-15 08:56:11,791 - INFO - GUI_STATUS - UPDATE - SUCCESS - Status updated: Query Status: Ready
Transaction Status: No active transaction
2025-05-15 08:56:53,527 - INFO - QUERY_PARSE - DATABASE - SUCCESS - operation:create_db, name:mera_db
2025-05-15 08:56:53,530 - INFO - GUI_STATUS - UPDATE - SUCCESS - Status updated: Query Status: Database 'mera_db' created
Transaction Status: No active transaction
2025-05-15 08:57:03,764 - INFO - QUERY_PARSE - DATABASE - SUCCESS - operation:drop_db, name:mera_db
2025-05-15 08:57:03,765 - INFO - GUI_STATUS - UPDATE - SUCCESS - Status updated: Query Status: Database 'mera_db' created
Transaction Status: No active transaction
2025-05-15 09:01:11,549 - INFO - GUI_INIT - STATUS - SUCCESS - Initialized GUI
2025-05-15 09:01:11,551 - INFO - GUI_STATUS - UPDATE - SUCCESS - Status updated: Query Status: Ready
Transaction Status: No active transaction
2025-05-15 09:01:18,137 - INFO - QUERY_PARSE - DATABASE - SUCCESS - operation:drop_db, name:mera_db
2025-05-15 09:01:20,784 - INFO - GUI_STATUS - UPDATE - SUCCESS - Status updated: Query Status: Database 'mera_db' deleted
Transaction Status: No active transaction
2025-05-15 09:01:33,385 - INFO - QUERY_PARSE - DATABASE - SUCCESS - operation:use_db, name:mera_db
2025-05-15 09:01:33,399 - INFO - GUI_STATUS - UPDATE - SUCCESS - Status updated: Query Status: Using database 'mera_db'
Transaction Status: No active transaction
2025-05-15 09:01:38,376 - INFO - GUI_STATUS - UPDATE - SUCCESS - Status updated: Query Status: Using database 'mera_db'
Transaction Status: No active transaction
2025-05-15 09:01:56,998 - INFO - QUERY_PARSE - COLLECTION - SUCCESS - operation:create_collection, name:users
2025-05-15 09:01:57,000 - INFO - DATA_LOAD - collection:users - SUCCESS - loaded 0 documents
2025-05-15 09:01:57,000 - INFO - COLLECTION_INIT - collection:users - COMPLETED - path:db\mera_db\users.json, indexes:[], documents:0
2025-05-15 09:01:57,002 - INFO - GUI_STATUS - UPDATE - SUCCESS - Status updated: Query Status: Collection 'users' created
Transaction Status: No active transaction
2025-05-15 09:02:40,493 - INFO - QUERY_PARSE - COLLECTION - SUCCESS - operation:drop_collection, name:users
2025-05-15 09:02:42,756 - INFO - GUI_STATUS - UPDATE - SUCCESS - Status updated: Query Status: Collection 'users' deleted
Transaction Status: No active transaction
2025-05-15 09:04:55,768 - INFO - QUERY_PARSE - INDEX - SUCCESS - operation:enable_indexing, enable:True
2025-05-15 09:04:55,768 - INFO - GUI_STATUS - UPDATE - SUCCESS - Status updated: Query Status: Collection 'users' deleted
Transaction Status: No active transaction
2025-05-15 09:04:57,735 - INFO - GUI_QUERY_EXECUTE - ERROR - FAILED - query:index chalo karo, error:No collection selected
2025-05-15 09:05:02,552 - INFO - GUI_STATUS - UPDATE - SUCCESS - Status updated: Query Status: Using database 'mera_db'
Transaction Status: No active transaction
2025-05-15 09:05:11,513 - INFO - QUERY_PARSE - COLLECTION - SUCCESS - operation:create_collection, name:users
2025-05-15 09:05:11,513 - INFO - DATA_LOAD - collection:users - SUCCESS - loaded 0 documents
2025-05-15 09:05:11,528 - INFO - COLLECTION_INIT - collection:users - COMPLETED - path:db\mera_db\users.json, indexes:[], documents:0
2025-05-15 09:05:11,532 - INFO - GUI_STATUS - UPDATE - SUCCESS - Status updated: Query Status: Collection 'users' created
Transaction Status: No active transaction
2025-05-15 09:05:19,186 - INFO - QUERY_PARSE - INDEX - SUCCESS - operation:enable_indexing, enable:True
2025-05-15 09:05:19,186 - INFO - GUI_STATUS - UPDATE - SUCCESS - Status updated: Query Status: Collection 'users' created
Transaction Status: No active transaction
2025-05-15 09:05:20,679 - INFO - GUI_QUERY_EXECUTE - ERROR - FAILED - query:index chalo karo, error:No collection selected
2025-05-15 09:05:30,269 - INFO - QUERY_PARSE - ERROR - FAILED - query:index chalo karo users, error:Unknown query command: index chalo karo users
2025-05-15 09:05:30,269 - INFO - GUI_STATUS - UPDATE - SUCCESS - Status updated: Query Status: Collection 'users' created
Transaction Status: No active transaction
2025-05-15 09:05:32,381 - INFO - GUI_QUERY_EXECUTE - ERROR - FAILED - query:index chalo karo users, error:Unknown query command: index chalo karo users
2025-05-15 09:06:00,136 - INFO - QUERY_PARSE - INDEX - SUCCESS - operation:enable_indexing, enable:True
2025-05-15 09:06:00,136 - INFO - GUI_STATUS - UPDATE - SUCCESS - Status updated: Query Status: Collection 'users' created
Transaction Status: No active transaction
2025-05-15 09:07:17,583 - INFO - GUI_QUERY_EXECUTE - ERROR - FAILED - query:index chalo karo, error:No collection selected
2025-05-15 09:07:25,723 - INFO - QUERY_PARSE - ERROR - FAILED - query:index chalo karo users, error:Unknown query command: index chalo karo users
2025-05-15 09:07:25,723 - INFO - GUI_STATUS - UPDATE - SUCCESS - Status updated: Query Status: Collection 'users' created
Transaction Status: No active transaction
2025-05-15 09:08:46,945 - INFO - GUI_QUERY_EXECUTE - ERROR - FAILED - query:index chalo karo users, error:Unknown query command: index chalo karo users
2025-05-15 09:08:50,928 - INFO - GUI_STATUS - UPDATE - SUCCESS - Status updated: Query Status: Using database 'mera_db'
Transaction Status: No active transaction
2025-05-15 09:08:50,928 - INFO - DATA_LOAD - collection:users - SUCCESS - loaded 0 documents
2025-05-15 09:08:50,930 - INFO - COLLECTION_INIT - collection:users - COMPLETED - path:db\mera_db\users.json, indexes:[], documents:0
2025-05-15 09:08:50,930 - INFO - QUERY_EXECUTE - collection:users - FULL_SCAN - FULL_SCAN query returned 0 docs in 0.37ms (reason: No query provided)
2025-05-15 09:08:50,933 - INFO - GUI_STATUS - UPDATE - SUCCESS - Status updated: Query Status: Found 0 documents in 0.89ms (full scan)
Transaction Status: No active transaction
2025-05-15 09:08:52,178 - INFO - GUI_STATUS - UPDATE - SUCCESS - Status updated: Query Status: Using database 'mera_db'
Transaction Status: No active transaction
2025-05-15 09:08:52,178 - INFO - DATA_LOAD - collection:users - SUCCESS - loaded 0 documents
2025-05-15 09:08:52,178 - INFO - COLLECTION_INIT - collection:users - COMPLETED - path:db\mera_db\users.json, indexes:[], documents:0
2025-05-15 09:08:52,178 - INFO - QUERY_EXECUTE - collection:users - FULL_SCAN - FULL_SCAN query returned 0 docs in 0.41ms (reason: No query provided)
2025-05-15 09:08:52,178 - INFO - GUI_STATUS - UPDATE - SUCCESS - Status updated: Query Status: Found 0 documents in 1.02ms (full scan)
Transaction Status: No active transaction
2025-05-15 09:08:52,892 - INFO - GUI_STATUS - UPDATE - SUCCESS - Status updated: Query Status: Using database 'mera_db'
Transaction Status: No active transaction
2025-05-15 09:08:52,900 - INFO - DATA_LOAD - collection:users - SUCCESS - loaded 0 documents
2025-05-15 09:08:52,900 - INFO - COLLECTION_INIT - collection:users - COMPLETED - path:db\mera_db\users.json, indexes:[], documents:0
2025-05-15 09:08:52,900 - INFO - QUERY_EXECUTE - collection:users - FULL_SCAN - FULL_SCAN query returned 0 docs in 0.50ms (reason: No query provided)
2025-05-15 09:08:52,905 - INFO - GUI_STATUS - UPDATE - SUCCESS - Status updated: Query Status: Found 0 documents in 1.06ms (full scan)
Transaction Status: No active transaction
2025-05-15 09:08:54,960 - INFO - QUERY_PARSE - INDEX - SUCCESS - operation:enable_indexing, enable:True
2025-05-15 09:08:54,960 - INFO - INDEX_TOGGLE - collection:users - SUCCESS - indexing_enabled:True
2025-05-15 09:08:54,960 - INFO - GUI_STATUS - UPDATE - SUCCESS - Status updated: Query Status: Indexing enabled
Transaction Status: No active transaction
2025-05-15 09:09:09,186 - INFO - GUI_STATUS - UPDATE - SUCCESS - Status updated: Query Status: Using database 'mera_db'
Transaction Status: No active transaction
2025-05-15 09:09:09,189 - INFO - DATA_LOAD - collection:users - SUCCESS - loaded 0 documents
2025-05-15 09:09:09,189 - INFO - COLLECTION_INIT - collection:users - COMPLETED - path:db\mera_db\users.json, indexes:[], documents:0
2025-05-15 09:09:09,189 - INFO - QUERY_EXECUTE - collection:users - FULL_SCAN - FULL_SCAN query returned 0 docs in 0.44ms (reason: No query provided)
2025-05-15 09:09:09,199 - INFO - GUI_STATUS - UPDATE - SUCCESS - Status updated: Query Status: Found 0 documents in 0.98ms (full scan)
Transaction Status: No active transaction
2025-05-15 09:10:04,932 - INFO - QUERY_PARSE - TRANSACTION - SUCCESS - operation:begin_transaction
2025-05-15 09:10:04,932 - INFO - TRANSACTION - BEGIN - mera_db - Transaction 91e22a9d-73b1-4dc1-a1cf-d70796c00579 started
2025-05-15 09:10:04,932 - INFO - GUI_STATUS - UPDATE - SUCCESS - Status updated: Query Status: Transaction 91e22a9d-73b1-4dc1-a1cf-d70796c00579 started
Transaction Status: Transaction 91e22a9d-73b1-4dc1-a1cf-d70796c00579 active
2025-05-15 09:10:04,932 - INFO - GUI_TRANSACTION - BEGIN - SUCCESS - database:mera_db, transaction_id:91e22a9d-73b1-4dc1-a1cf-d70796c00579
2025-05-15 09:10:48,407 - INFO - QUERY_PARSE - DOCUMENT - SUCCESS - operation:delete, collection:users
2025-05-15 09:10:48,407 - INFO - TRANSACTION_CONTEXT - collection:users - SET - transaction_id:91e22a9d-73b1-4dc1-a1cf-d70796c00579
2025-05-15 09:10:52,225 - INFO - DOCUMENT_DELETE_MANY - collection:users - SUCCESS - deleted 0 documents, query:{'age': {'$lt': 30}}
2025-05-15 09:10:52,225 - INFO - QUERY_EXECUTE - collection:users - FULL_SCAN - FULL_SCAN query returned 0 docs in 0.15ms (reason: No query provided)
2025-05-15 09:10:52,229 - INFO - GUI_STATUS - UPDATE - SUCCESS - Status updated: Query Status: Deleted 0 documents
Transaction Status: Transaction 91e22a9d-73b1-4dc1-a1cf-d70796c00579 active
2025-05-15 09:10:55,226 - INFO - QUERY_PARSE - DOCUMENT - SUCCESS - operation:delete, collection:users
2025-05-15 09:10:55,226 - INFO - TRANSACTION_CONTEXT - collection:users - SET - transaction_id:91e22a9d-73b1-4dc1-a1cf-d70796c00579
2025-05-15 09:10:56,624 - INFO - DOCUMENT_DELETE_MANY - collection:users - SUCCESS - deleted 0 documents, query:{'age': {'$lt': 30}}
2025-05-15 09:10:56,624 - INFO - QUERY_EXECUTE - collection:users - FULL_SCAN - FULL_SCAN query returned 0 docs in 0.10ms (reason: No query provided)
2025-05-15 09:10:56,624 - INFO - GUI_STATUS - UPDATE - SUCCESS - Status updated: Query Status: Deleted 0 documents
Transaction Status: Transaction 91e22a9d-73b1-4dc1-a1cf-d70796c00579 active
2025-05-15 09:10:58,001 - INFO - QUERY_PARSE - DOCUMENT - SUCCESS - operation:delete, collection:users
2025-05-15 09:10:58,001 - INFO - TRANSACTION_CONTEXT - collection:users - SET - transaction_id:91e22a9d-73b1-4dc1-a1cf-d70796c00579
2025-05-15 09:10:58,916 - INFO - DOCUMENT_DELETE_MANY - collection:users - SUCCESS - deleted 0 documents, query:{'age': {'$lt': 30}}
2025-05-15 09:10:58,916 - INFO - QUERY_EXECUTE - collection:users - FULL_SCAN - FULL_SCAN query returned 0 docs in 0.29ms (reason: No query provided)
2025-05-15 09:10:58,916 - INFO - GUI_STATUS - UPDATE - SUCCESS - Status updated: Query Status: Deleted 0 documents
Transaction Status: Transaction 91e22a9d-73b1-4dc1-a1cf-d70796c00579 active
2025-05-15 09:11:17,889 - INFO - QUERY_PARSE - BACKUP - SUCCESS - operation:backup, name:
2025-05-15 09:11:17,889 - INFO - GUI_STATUS - UPDATE - SUCCESS - Status updated: Query Status: Deleted 0 documents
Transaction Status: Transaction 91e22a9d-73b1-4dc1-a1cf-d70796c00579 active
2025-05-15 09:14:28,715 - INFO - GUI_QUERY_EXECUTE - ERROR - FAILED - query:backup banao, error:MainWindow._handle_backup() got an unexpected keyword argument 'name'
2025-05-15 09:19:22,331 - INFO - GUI_INIT - STATUS - SUCCESS - Initialized GUI
2025-05-15 09:19:22,331 - INFO - GUI_STATUS - UPDATE - SUCCESS - Status updated: Query Status: Ready
Transaction Status: No active transaction
2025-05-15 09:20:26,776 - INFO - GUI_INIT - STATUS - SUCCESS - Initialized GUI
2025-05-15 09:20:26,781 - INFO - GUI_STATUS - UPDATE - SUCCESS - Status updated: Query Status: Ready
Transaction Status: No active transaction
2025-05-15 09:20:39,588 - INFO - QUERY_PARSE - BACKUP - SUCCESS - operation:backup, name:mera_db
2025-05-15 09:20:39,590 - INFO - GUI_STATUS - UPDATE - SUCCESS - Status updated: Query Status: Ready
Transaction Status: No active transaction
2025-05-15 09:20:41,511 - INFO - GUI_QUERY_EXECUTE - ERROR - FAILED - query:backup banao mera_db, error:No database selected. Use: USE DATABASE dbname
2025-05-15 09:20:42,743 - INFO - GUI_STATUS - UPDATE - SUCCESS - Status updated: Query Status: Using database 'mera_db'
Transaction Status: No active transaction
2025-05-15 09:20:43,941 - INFO - QUERY_PARSE - BACKUP - SUCCESS - operation:backup, name:mera_db
2025-05-15 09:20:44,057 - INFO - BACKUP_CREATE - db:mera_db - SUCCESS - path:backups\mera_db_20250515_092044.zip
2025-05-15 09:20:44,057 - INFO - GUI_STATUS - UPDATE - SUCCESS - Status updated: Query Status: Backup created at: backups\mera_db_20250515_092044.zip
Transaction Status: No active transaction
2025-05-15 09:22:42,134 - INFO - QUERY_PARSE - DOCUMENT - SUCCESS - operation:insert, collection:users
2025-05-15 09:22:42,136 - INFO - DATA_LOAD - collection:users - SUCCESS - loaded 0 documents
2025-05-15 09:22:42,136 - INFO - COLLECTION_INIT - collection:users - COMPLETED - path:db\mera_db\users.json, indexes:[], documents:0
2025-05-15 09:22:42,140 - INFO - DATA_SAVE - collection:users - SUCCESS - saved 1 documents
2025-05-15 09:22:42,140 - INFO - DOCUMENT_INSERT - collection:users - SUCCESS - id:ad840b5a-5830-44c3-9f72-f6dcc53416f5
2025-05-15 09:22:42,142 - INFO - QUERY_EXECUTE - collection:users - FULL_SCAN - FULL_SCAN query returned 1 docs in 0.71ms (reason: No query provided)
2025-05-15 09:22:42,156 - INFO - GUI_STATUS - UPDATE - SUCCESS - Status updated: Query Status: Document inserted with ID: ad840b5a-5830-44c3-9f72-f6dcc53416f5
Transaction Status: No active transaction
2025-05-15 09:24:25,328 - INFO - QUERY_PARSE - TRANSACTION - SUCCESS - operation:commit
2025-05-15 09:24:25,328 - INFO - GUI_STATUS - UPDATE - SUCCESS - Status updated: Query Status: Document inserted with ID: ad840b5a-5830-44c3-9f72-f6dcc53416f5
Transaction Status: No active transaction
2025-05-15 09:24:26,851 - INFO - GUI_QUERY_EXECUTE - ERROR - FAILED - query:commit, error:No active transaction to commit
2025-05-15 09:24:53,417 - INFO - QUERY_PARSE - INDEX - SUCCESS - operation:create_index, field:name, collection:users
2025-05-15 09:24:53,417 - INFO - GUI_STATUS - UPDATE - SUCCESS - Status updated: Query Status: Document inserted with ID: ad840b5a-5830-44c3-9f72-f6dcc53416f5
Transaction Status: No active transaction
2025-05-15 09:24:59,123 - INFO - GUI_QUERY_EXECUTE - ERROR - FAILED - query:index banao name users, error:MainWindow._handle_create_index() got an unexpected keyword argument 'collection'
2025-05-15 09:25:03,959 - INFO - QUERY_PARSE - ERROR - FAILED - query:index banao users, error:Invalid create index syntax. Use: create index field collection
2025-05-15 09:25:03,963 - INFO - GUI_STATUS - UPDATE - SUCCESS - Status updated: Query Status: Document inserted with ID: ad840b5a-5830-44c3-9f72-f6dcc53416f5
Transaction Status: No active transaction
2025-05-15 09:25:05,941 - INFO - GUI_QUERY_EXECUTE - ERROR - FAILED - query:index banao users, error:Invalid create index syntax. Use: create index field collection
2025-05-15 09:27:42,253 - INFO - GUI_INIT - STATUS - SUCCESS - Initialized GUI
2025-05-15 09:27:42,263 - INFO - GUI_STATUS - UPDATE - SUCCESS - Status updated: Query Status: Ready
Transaction Status: No active transaction
2025-05-15 09:27:50,054 - INFO - GUI_STATUS - UPDATE - SUCCESS - Status updated: Query Status: Using database 'mera_db'
Transaction Status: No active transaction
2025-05-15 09:27:50,916 - INFO - GUI_STATUS - UPDATE - SUCCESS - Status updated: Query Status: Using database 'mera_db'
Transaction Status: No active transaction
2025-05-15 09:27:50,978 - INFO - DATA_LOAD - collection:users - SUCCESS - loaded 1 documents
2025-05-15 09:27:50,978 - INFO - COLLECTION_INIT - collection:users - COMPLETED - path:db\mera_db\users.json, indexes:[], documents:1
2025-05-15 09:27:50,978 - INFO - QUERY_EXECUTE - collection:users - FULL_SCAN - FULL_SCAN query returned 1 docs in 0.74ms (reason: No query provided)
2025-05-15 09:27:50,994 - INFO - GUI_STATUS - UPDATE - SUCCESS - Status updated: Query Status: Found 1 documents in 2.14ms (full scan)
Transaction Status: No active transaction
2025-05-15 09:27:52,233 - INFO - QUERY_PARSE - INDEX - SUCCESS - operation:create_index, field:name, collection:users
2025-05-15 09:27:52,238 - INFO - DATA_SAVE - collection:users - SUCCESS - saved 1 documents
2025-05-15 09:27:52,238 - INFO - INDEX_CREATE - collection:users - SUCCESS - field:name
2025-05-15 09:27:52,238 - INFO - GUI_STATUS - UPDATE - SUCCESS - Status updated: Query Status: Index created on field 'name' in collection '<core.collection.Collection object at 0x00000233E6B73010>'
Transaction Status: No active transaction
2025-05-15 09:28:02,205 - INFO - QUERY_PARSE - INDEX - SUCCESS - operation:list_indexes, collection:
2025-05-15 09:28:02,205 - INFO - GUI_STATUS - UPDATE - SUCCESS - Status updated: Query Status: Index created on field 'name' in collection '<core.collection.Collection object at 0x00000233E6B73010>'
Transaction Status: No active transaction
2025-05-15 09:28:04,600 - INFO - GUI_QUERY_EXECUTE - ERROR - FAILED - query:index dikhao, error:Collection 'None' not found
2025-05-15 09:29:15,465 - INFO - GUI_INIT - STATUS - SUCCESS - Initialized GUI
2025-05-15 09:29:15,469 - INFO - GUI_STATUS - UPDATE - SUCCESS - Status updated: Query Status: Ready
Transaction Status: No active transaction
2025-05-15 09:29:32,360 - INFO - GUI_STATUS - UPDATE - SUCCESS - Status updated: Query Status: Using database 'mera_db'
Transaction Status: No active transaction
2025-05-15 09:29:33,104 - INFO - GUI_STATUS - UPDATE - SUCCESS - Status updated: Query Status: Using database 'mera_db'
Transaction Status: No active transaction
2025-05-15 09:29:33,104 - INFO - DATA_LOAD - collection:users - SUCCESS - loaded 1 documents
2025-05-15 09:29:33,104 - INFO - COLLECTION_INIT - collection:users - COMPLETED - path:db\mera_db\users.json, indexes:[], documents:1
2025-05-15 09:29:33,104 - INFO - QUERY_EXECUTE - collection:users - FULL_SCAN - FULL_SCAN query returned 1 docs in 0.38ms (reason: No query provided)
2025-05-15 09:29:33,116 - INFO - GUI_STATUS - UPDATE - SUCCESS - Status updated: Query Status: Found 1 documents in 0.87ms (full scan)
Transaction Status: No active transaction
2025-05-15 09:29:34,186 - INFO - QUERY_PARSE - DOCUMENT - SUCCESS - operation:insert_many, collection:users, count:2
2025-05-15 09:29:34,192 - INFO - DATA_SAVE - collection:users - SUCCESS - saved 3 documents
2025-05-15 09:29:34,192 - INFO - DOCUMENT_INSERT_MANY - collection:users - SUCCESS - inserted 2 documents
2025-05-15 09:29:34,194 - INFO - QUERY_EXECUTE - collection:users - FULL_SCAN - FULL_SCAN query returned 3 docs in 0.65ms (reason: No query provided)
2025-05-15 09:29:34,200 - INFO - GUI_STATUS - UPDATE - SUCCESS - Status updated: Query Status: Inserted 2 documents with IDs: bdb56cd1-bd0a-4f9d-8351-45fd2d511242, 9ed9f9e6-3dcb-4b62-b548-44cf5a8ba952
Transaction Status: No active transaction
2025-05-15 09:29:40,730 - INFO - QUERY_PARSE - INDEX - SUCCESS - operation:list_indexes, collection:
2025-05-15 09:29:40,730 - INFO - GUI_STATUS - UPDATE - SUCCESS - Status updated: Query Status: Inserted 2 documents with IDs: bdb56cd1-bd0a-4f9d-8351-45fd2d511242, 9ed9f9e6-3dcb-4b62-b548-44cf5a8ba952
Transaction Status: No active transaction
2025-05-15 09:29:42,128 - INFO - GUI_QUERY_EXECUTE - ERROR - FAILED - query:index dikhao, error:Collection 'None' not found
2025-05-15 09:29:48,563 - INFO - GUI_STATUS - UPDATE - SUCCESS - Status updated: Query Status: Using database 'mera_db'
Transaction Status: No active transaction
2025-05-15 09:29:48,597 - INFO - DATA_LOAD - collection:users - SUCCESS - loaded 3 documents
2025-05-15 09:29:48,604 - INFO - COLLECTION_INIT - collection:users - COMPLETED - path:db\mera_db\users.json, indexes:[], documents:3
2025-05-15 09:29:48,606 - INFO - QUERY_EXECUTE - collection:users - FULL_SCAN - FULL_SCAN query returned 3 docs in 0.40ms (reason: No query provided)
2025-05-15 09:29:48,612 - INFO - GUI_STATUS - UPDATE - SUCCESS - Status updated: Query Status: Found 3 documents in 1.01ms (full scan)
Transaction Status: No active transaction
2025-05-15 09:29:49,295 - INFO - GUI_STATUS - UPDATE - SUCCESS - Status updated: Query Status: Using database 'mera_db'
Transaction Status: No active transaction
2025-05-15 09:29:49,295 - INFO - DATA_LOAD - collection:users - SUCCESS - loaded 3 documents
2025-05-15 09:29:49,295 - INFO - COLLECTION_INIT - collection:users - COMPLETED - path:db\mera_db\users.json, indexes:[], documents:3
2025-05-15 09:29:49,295 - INFO - QUERY_EXECUTE - collection:users - FULL_SCAN - FULL_SCAN query returned 3 docs in 0.36ms (reason: No query provided)
2025-05-15 09:29:49,295 - INFO - GUI_STATUS - UPDATE - SUCCESS - Status updated: Query Status: Found 3 documents in 0.81ms (full scan)
Transaction Status: No active transaction
2025-05-15 09:29:50,502 - INFO - QUERY_PARSE - INDEX - SUCCESS - operation:list_indexes, collection:
2025-05-15 09:29:50,502 - INFO - GUI_STATUS - UPDATE - SUCCESS - Status updated: Query Status: Found 3 documents in 0.81ms (full scan)
Transaction Status: No active transaction
2025-05-15 09:29:58,551 - INFO - GUI_QUERY_EXECUTE - ERROR - FAILED - query:index dikhao, error:Collection 'None' not found
2025-05-15 09:31:47,147 - INFO - QUERY_PARSE - DOCUMENT - SUCCESS - operation:update, collection:users
2025-05-15 09:31:47,147 - INFO - QUERY_PARSE - ERROR - FAILED - query:badlo users {"age": {"$gt": 28}} {"$set": {"status": "premium"}, "$push": {"orders": {"id": 3, "amount": 200.00}}}, error:Invalid update syntax. Use: update collection {query} {update}
2025-05-15 09:31:47,147 - INFO - GUI_STATUS - UPDATE - SUCCESS - Status updated: Query Status: Found 3 documents in 0.81ms (full scan)
Transaction Status: No active transaction
2025-05-15 09:33:00,149 - INFO - GUI_QUERY_EXECUTE - ERROR - FAILED - query:badlo users {"age": {"$gt": 28}} {"$set": {"status": "premium"}, "$push": {"orders": {"id": 3, "amount": 200.00}}}, error:Invalid update syntax. Use: update collection {query} {update}
2025-05-15 09:35:12,964 - INFO - GUI_INIT - STATUS - SUCCESS - Initialized GUI
2025-05-15 09:35:12,980 - INFO - GUI_STATUS - UPDATE - SUCCESS - Status updated: Query Status: Ready
Transaction Status: No active transaction
2025-05-15 09:35:35,450 - INFO - GUI_STATUS - UPDATE - SUCCESS - Status updated: Query Status: Using database 'mera_db'
Transaction Status: No active transaction
2025-05-15 09:35:36,286 - INFO - GUI_STATUS - UPDATE - SUCCESS - Status updated: Query Status: Using database 'mera_db'
Transaction Status: No active transaction
2025-05-15 09:35:36,286 - INFO - DATA_LOAD - collection:users - SUCCESS - loaded 3 documents
2025-05-15 09:35:36,286 - INFO - COLLECTION_INIT - collection:users - COMPLETED - path:db\mera_db\users.json, indexes:[], documents:3
2025-05-15 09:35:36,286 - INFO - QUERY_EXECUTE - collection:users - FULL_SCAN - FULL_SCAN query returned 3 docs in 0.74ms (reason: No query provided)
2025-05-15 09:35:36,305 - INFO - GUI_STATUS - UPDATE - SUCCESS - Status updated: Query Status: Found 3 documents in 1.80ms (full scan)
Transaction Status: No active transaction
2025-05-15 09:35:37,450 - INFO - QUERY_PARSE - DOCUMENT - SUCCESS - operation:update, collection:users
2025-05-15 09:35:37,450 - INFO - GUI_STATUS - UPDATE - SUCCESS - Status updated: Query Status: Found 3 documents in 1.80ms (full scan)
Transaction Status: No active transaction
2025-05-15 09:36:47,022 - INFO - GUI_INIT - STATUS - SUCCESS - Initialized GUI
2025-05-15 09:36:47,038 - INFO - GUI_STATUS - UPDATE - SUCCESS - Status updated: Query Status: Ready
Transaction Status: No active transaction
2025-05-15 09:36:56,224 - INFO - GUI_STATUS - UPDATE - SUCCESS - Status updated: Query Status: Using database 'mera_db'
Transaction Status: No active transaction
2025-05-15 09:36:57,386 - INFO - GUI_STATUS - UPDATE - SUCCESS - Status updated: Query Status: Using database 'mera_db'
Transaction Status: No active transaction
2025-05-15 09:36:57,386 - INFO - DATA_LOAD - collection:users - SUCCESS - loaded 3 documents
2025-05-15 09:36:57,386 - INFO - COLLECTION_INIT - collection:users - COMPLETED - path:db\mera_db\users.json, indexes:[], documents:3
2025-05-15 09:36:57,386 - INFO - QUERY_EXECUTE - collection:users - FULL_SCAN - FULL_SCAN query returned 3 docs in 0.70ms (reason: No query provided)
2025-05-15 09:36:57,409 - INFO - GUI_STATUS - UPDATE - SUCCESS - Status updated: Query Status: Found 3 documents in 1.62ms (full scan)
Transaction Status: No active transaction
2025-05-15 09:37:00,627 - INFO - QUERY_PARSE - DOCUMENT - SUCCESS - operation:update, collection:users
2025-05-15 09:37:00,627 - INFO - DOCUMENT_UPDATE_MANY - collection:users - SUCCESS - updated 0 documents, query:{'age': {'$gt': 28}}
2025-05-15 09:37:00,627 - INFO - QUERY_EXECUTE - collection:users - FULL_SCAN - FULL_SCAN query returned 3 docs in 0.81ms (reason: No query provided)
2025-05-15 09:37:00,651 - INFO - GUI_STATUS - UPDATE - SUCCESS - Status updated: Query Status: Updated 0 documents
Transaction Status: No active transaction
2025-05-15 09:37:18,245 - INFO - QUERY_PARSE - QUERY - SUCCESS - operation:find, collection:users
2025-05-15 09:37:18,245 - INFO - QUERY_EXECUTE - collection:users - FULL_SCAN - FULL_SCAN query returned 3 docs in 0.63ms (reason: No query provided)
2025-05-15 09:37:18,258 - INFO - GUI_STATUS - UPDATE - SUCCESS - Status updated: Query Status: Found 3 documents in 1.46ms (full scan)
Transaction Status: No active transaction
2025-05-15 09:37:21,093 - INFO - QUERY_PARSE - QUERY - SUCCESS - operation:find, collection:users
2025-05-15 09:37:21,095 - INFO - QUERY_EXECUTE - collection:users - FULL_SCAN - FULL_SCAN query returned 3 docs in 0.77ms (reason: No query provided)
2025-05-15 09:37:21,110 - INFO - GUI_STATUS - UPDATE - SUCCESS - Status updated: Query Status: Found 3 documents in 1.74ms (full scan)
Transaction Status: No active transaction
2025-05-15 09:37:45,868 - INFO - QUERY_PARSE - ERROR - FAILED - query:badlo users {"age": {"$gt": 28}}, error:Update must start with '{'. Use: badlo <collection> {query} {update}
2025-05-15 09:37:45,868 - INFO - QUERY_PARSE - ERROR - FAILED - query:badlo users {"age": {"$gt": 28}}, error:Invalid update syntax. Use: badlo <collection> {query} {update}. Error: Update must start with '{'. Use: badlo <collection> {query} {update}
2025-05-15 09:37:45,876 - INFO - GUI_STATUS - UPDATE - SUCCESS - Status updated: Query Status: Found 3 documents in 1.74ms (full scan)
Transaction Status: No active transaction
2025-05-15 09:38:44,968 - INFO - GUI_QUERY_EXECUTE - ERROR - FAILED - query:badlo users {"age": {"$gt": 28}}, error:Invalid update syntax. Use: badlo <collection> {query} {update}. Error: Update must start with '{'. Use: badlo <collection> {query} {update}
2025-05-15 09:38:47,108 - INFO - QUERY_PARSE - ERROR - FAILED - query:badlo users {age: {"$gt": 28}} {"$set": {"status": "premium"}}, error:Invalid JSON format: Expecting property name enclosed in double quotes: line 1 column 2 (char 1) at position 1, line 1, column 2
2025-05-15 09:38:47,108 - INFO - QUERY_PARSE - ERROR - FAILED - query:badlo users {age: {"$gt": 28}} {"$set": {"status": "premium"}}, error:Invalid JSON in query or update: Invalid JSON format: Expecting property name enclosed in double quotes: line 1 column 2 (char 1) at position 1, line 1, column 2
2025-05-15 09:38:47,108 - INFO - GUI_STATUS - UPDATE - SUCCESS - Status updated: Query Status: Found 3 documents in 1.74ms (full scan)
Transaction Status: No active transaction
2025-05-15 09:38:48,670 - INFO - GUI_QUERY_EXECUTE - ERROR - FAILED - query:badlo users {age: {"$gt": 28}} {"$set": {"status": "premium"}}, error:Invalid JSON in query or update: Invalid JSON format: Expecting property name enclosed in double quotes: line 1 column 2 (char 1) at position 1, line 1, column 2
2025-05-15 09:41:37,677 - INFO - GUI_INIT - STATUS - SUCCESS - Initialized GUI
2025-05-15 09:41:37,678 - INFO - GUI_STATUS - UPDATE - SUCCESS - Status updated: Query Status: Ready
Transaction Status: No active transaction
2025-05-15 09:42:02,304 - INFO - QUERY_PARSE - DOCUMENT - SUCCESS - operation:update, collection:users
2025-05-15 09:42:02,313 - INFO - GUI_STATUS - UPDATE - SUCCESS - Status updated: Query Status: Ready
Transaction Status: No active transaction
2025-05-15 09:42:06,242 - INFO - GUI_QUERY_EXECUTE - ERROR - FAILED - query:badlo users {"age": {"$gt": 28}} {"$set": {"status": "premium"}}, error:No database selected. Use: USE DATABASE dbname
2025-05-15 09:42:07,070 - INFO - GUI_STATUS - UPDATE - SUCCESS - Status updated: Query Status: Using database 'mera_db'
Transaction Status: No active transaction
2025-05-15 09:42:07,846 - INFO - GUI_STATUS - UPDATE - SUCCESS - Status updated: Query Status: Using database 'mera_db'
Transaction Status: No active transaction
2025-05-15 09:42:07,856 - INFO - DATA_LOAD - collection:users - SUCCESS - loaded 3 documents
2025-05-15 09:42:07,856 - INFO - COLLECTION_INIT - collection:users - COMPLETED - path:db\mera_db\users.json, indexes:[], documents:3
2025-05-15 09:42:07,856 - INFO - QUERY_EXECUTE - collection:users - FULL_SCAN - FULL_SCAN query returned 3 docs in 1.18ms (reason: No query provided)
2025-05-15 09:42:07,878 - INFO - GUI_STATUS - UPDATE - SUCCESS - Status updated: Query Status: Found 3 documents in 2.18ms (full scan)
Transaction Status: No active transaction
2025-05-15 09:42:09,254 - INFO - QUERY_PARSE - DOCUMENT - SUCCESS - operation:update, collection:users
2025-05-15 09:42:09,256 - INFO - DOCUMENT_UPDATE_MANY - collection:users - SUCCESS - updated 0 documents, query:{'age': {'$gt': 28}}
2025-05-15 09:42:09,258 - INFO - QUERY_EXECUTE - collection:users - FULL_SCAN - FULL_SCAN query returned 3 docs in 0.79ms (reason: No query provided)
2025-05-15 09:42:09,274 - INFO - GUI_STATUS - UPDATE - SUCCESS - Status updated: Query Status: Updated 0 documents
Transaction Status: No active transaction
2025-05-15 09:42:17,427 - INFO - QUERY_PARSE - DOCUMENT - SUCCESS - operation:update, collection:users
2025-05-15 09:42:17,427 - INFO - DOCUMENT_UPDATE_MANY - collection:users - SUCCESS - updated 0 documents, query:{'age': {'$gt': 28}}
2025-05-15 09:42:17,427 - INFO - QUERY_EXECUTE - collection:users - FULL_SCAN - FULL_SCAN query returned 3 docs in 0.72ms (reason: No query provided)
2025-05-15 09:42:17,441 - INFO - GUI_STATUS - UPDATE - SUCCESS - Status updated: Query Status: Updated 0 documents
Transaction Status: No active transaction
2025-05-15 09:42:24,569 - INFO - QUERY_PARSE - QUERY - SUCCESS - operation:find, collection:users
2025-05-15 09:42:24,569 - INFO - QUERY_EXECUTE - collection:users - FULL_SCAN - FULL_SCAN query returned 3 docs in 0.67ms (reason: No query provided)
2025-05-15 09:42:24,585 - INFO - GUI_STATUS - UPDATE - SUCCESS - Status updated: Query Status: Found 3 documents in 1.79ms (full scan)
Transaction Status: No active transaction
2025-05-15 09:42:32,779 - INFO - QUERY_PARSE - ERROR - FAILED - query:badlo users {"age": {"$gt": 28}}, error:Missing update JSON object. Use: badlo <collection> {query} {update}
2025-05-15 09:42:32,779 - INFO - QUERY_PARSE - ERROR - FAILED - query:badlo users {"age": {"$gt": 28}}, error:Invalid update syntax. Use: badlo <collection> {query} {update}. Error: Missing update JSON object. Use: badlo <collection> {query} {update}
2025-05-15 09:42:32,779 - INFO - GUI_STATUS - UPDATE - SUCCESS - Status updated: Query Status: Found 3 documents in 1.79ms (full scan)
Transaction Status: No active transaction
2025-05-15 09:45:35,796 - INFO - GUI_QUERY_EXECUTE - ERROR - FAILED - query:badlo users {"age": {"$gt": 28}}, error:Invalid update syntax. Use: badlo <collection> {query} {update}. Error: Missing update JSON object. Use: badlo <collection> {query} {update}
2025-05-15 09:47:39,627 - INFO - GUI_INIT - STATUS - SUCCESS - Initialized GUI
2025-05-15 09:47:39,627 - INFO - GUI_STATUS - UPDATE - SUCCESS - Status updated: Query Status: Ready
Transaction Status: No active transaction
2025-05-15 09:47:56,759 - INFO - GUI_STATUS - UPDATE - SUCCESS - Status updated: Query Status: Using database 'mera_db'
Transaction Status: No active transaction
2025-05-15 09:47:57,603 - INFO - GUI_STATUS - UPDATE - SUCCESS - Status updated: Query Status: Using database 'mera_db'
Transaction Status: No active transaction
2025-05-15 09:47:57,603 - INFO - DATA_LOAD - collection:users - SUCCESS - loaded 3 documents
2025-05-15 09:47:57,603 - INFO - COLLECTION_INIT - collection:users - COMPLETED - path:db\mera_db\users.json, indexes:[], documents:3
2025-05-15 09:47:57,603 - INFO - QUERY_EXECUTE - collection:users - FULL_SCAN - FULL_SCAN query returned 3 docs in 0.29ms (reason: No query provided)
2025-05-15 09:47:57,616 - INFO - GUI_STATUS - UPDATE - SUCCESS - Status updated: Query Status: Found 3 documents in 0.73ms (full scan)
Transaction Status: No active transaction
2025-05-15 09:47:58,703 - INFO - QUERY_PARSE - ERROR - FAILED - query:badlo users {"age": {"$gt": 28}}, error:Missing update JSON object. Use: badlo <collection> {query} {update}
2025-05-15 09:47:58,705 - INFO - QUERY_PARSE - ERROR - FAILED - query:badlo users {"age": {"$gt": 28}}, error:Invalid update syntax. Use: badlo <collection> {query} {update}. Error: Missing update JSON object. Use: badlo <collection> {query} {update}
2025-05-15 09:47:58,707 - INFO - GUI_STATUS - UPDATE - SUCCESS - Status updated: Query Status: Found 3 documents in 0.73ms (full scan)
Transaction Status: No active transaction
2025-05-15 09:48:04,043 - INFO - GUI_QUERY_EXECUTE - ERROR - FAILED - query:badlo users {"age": {"$gt": 28}}, error:Invalid update syntax. Use: badlo <collection> {query} {update}. Error: Missing update JSON object. Use: badlo <collection> {query} {update}
2025-05-15 10:03:17,403 - INFO - QUERY_PARSE - QUERY - SUCCESS - operation:find, collection:users
2025-05-15 10:03:17,411 - INFO - QUERY_EXECUTE - collection:users - FULL_SCAN - FULL_SCAN query returned 2 docs in 0.05ms (reason: No suitable index found)
2025-05-15 10:03:17,427 - INFO - GUI_STATUS - UPDATE - SUCCESS - Status updated: Query Status: Found 2 documents in 1.55ms (full scan)
Transaction Status: No active transaction
2025-05-15 10:05:24,436 - INFO - GUI_INIT - STATUS - SUCCESS - Initialized GUI
2025-05-15 10:05:24,441 - INFO - GUI_STATUS - UPDATE - SUCCESS - Status updated: Query Status: Ready
Transaction Status: No active transaction
2025-05-15 10:05:46,553 - INFO - GUI_STATUS - UPDATE - SUCCESS - Status updated: Query Status: Using database 'mera_db'
Transaction Status: No active transaction
2025-05-15 10:05:47,830 - INFO - QUERY_PARSE - COLLECTION - SUCCESS - operation:create_collection, name:orders
2025-05-15 10:05:47,830 - INFO - DATA_LOAD - collection:orders - SUCCESS - loaded 0 documents
2025-05-15 10:05:47,830 - INFO - COLLECTION_INIT - collection:orders - COMPLETED - path:db\mera_db\orders.json, indexes:[], documents:0
2025-05-15 10:05:47,846 - INFO - GUI_STATUS - UPDATE - SUCCESS - Status updated: Query Status: Collection 'orders' created
Transaction Status: No active transaction
2025-05-15 10:06:12,688 - INFO - QUERY_PARSE - DOCUMENT - SUCCESS - operation:insert, collection:users
2025-05-15 10:06:12,688 - INFO - DATA_LOAD - collection:users - SUCCESS - loaded 3 documents
2025-05-15 10:06:12,688 - INFO - COLLECTION_INIT - collection:users - COMPLETED - path:db\mera_db\users.json, indexes:[], documents:3
2025-05-15 10:06:12,688 - INFO - DATA_SAVE - collection:users - SUCCESS - saved 4 documents
2025-05-15 10:06:12,703 - INFO - DOCUMENT_INSERT - collection:users - SUCCESS - id:cba21eec-1197-4e0f-8395-5b971ce1b2ed
2025-05-15 10:06:12,705 - INFO - QUERY_EXECUTE - collection:users - FULL_SCAN - FULL_SCAN query returned 4 docs in 0.87ms (reason: No query provided)
2025-05-15 10:06:12,719 - INFO - GUI_STATUS - UPDATE - SUCCESS - Status updated: Query Status: Document inserted with ID: cba21eec-1197-4e0f-8395-5b971ce1b2ed
Transaction Status: No active transaction
2025-05-15 10:06:24,441 - INFO - QUERY_PARSE - DOCUMENT - SUCCESS - operation:insert_many, collection:users, count:2
2025-05-15 10:06:24,449 - INFO - DATA_SAVE - collection:users - SUCCESS - saved 6 documents
2025-05-15 10:06:24,449 - INFO - DOCUMENT_INSERT_MANY - collection:users - SUCCESS - inserted 2 documents
2025-05-15 10:06:24,449 - INFO - QUERY_EXECUTE - collection:users - FULL_SCAN - FULL_SCAN query returned 6 docs in 0.72ms (reason: No query provided)
2025-05-15 10:06:24,473 - INFO - GUI_STATUS - UPDATE - SUCCESS - Status updated: Query Status: Inserted 2 documents with IDs: c1272ebd-0fc1-4ef4-8b70-21ce3fa0cd05, b4bfdc56-e196-4a50-bf2e-f636ba4c18ee
Transaction Status: No active transaction
2025-05-15 10:06:32,241 - INFO - QUERY_PARSE - QUERY - SUCCESS - operation:find, collection:users
2025-05-15 10:06:32,241 - INFO - QUERY_EXECUTE - collection:users - FULL_SCAN - FULL_SCAN query returned 4 docs in 0.04ms (reason: No suitable index found)
2025-05-15 10:06:32,257 - INFO - GUI_STATUS - UPDATE - SUCCESS - Status updated: Query Status: Found 4 documents in 1.00ms (full scan)
Transaction Status: No active transaction
2025-05-15 10:06:39,207 - INFO - QUERY_PARSE - DOCUMENT - SUCCESS - operation:update, collection:users
2025-05-15 10:06:39,207 - INFO - DATA_SAVE - collection:users - SUCCESS - saved 6 documents
2025-05-15 10:06:39,207 - INFO - DOCUMENT_UPDATE_MANY - collection:users - SUCCESS - updated 2 documents, query:{'name': 'John'}
2025-05-15 10:06:39,207 - INFO - QUERY_EXECUTE - collection:users - FULL_SCAN - FULL_SCAN query returned 6 docs in 0.89ms (reason: No query provided)
2025-05-15 10:06:39,237 - INFO - GUI_STATUS - UPDATE - SUCCESS - Status updated: Query Status: Updated 2 documents
Transaction Status: No active transaction
2025-05-15 10:06:44,486 - INFO - QUERY_PARSE - DOCUMENT - SUCCESS - operation:delete, collection:users
2025-05-15 10:06:46,405 - INFO - DATA_SAVE - collection:users - SUCCESS - saved 4 documents
2025-05-15 10:06:46,405 - INFO - DOCUMENT_DELETE_MANY - collection:users - SUCCESS - deleted 2 documents, query:{'name': 'Bob'}
2025-05-15 10:06:46,405 - INFO - QUERY_EXECUTE - collection:users - FULL_SCAN - FULL_SCAN query returned 4 docs in 0.76ms (reason: No query provided)
2025-05-15 10:06:46,410 - INFO - GUI_STATUS - UPDATE - SUCCESS - Status updated: Query Status: Deleted 2 documents
Transaction Status: No active transaction
2025-05-15 10:06:57,202 - INFO - QUERY_PARSE - QUERY - SUCCESS - operation:find, collection:users
2025-05-15 10:06:57,202 - INFO - QUERY_EXECUTE - collection:users - FULL_SCAN - FULL_SCAN query returned 2 docs in 0.03ms (reason: No suitable index found)
2025-05-15 10:06:57,214 - INFO - GUI_STATUS - UPDATE - SUCCESS - Status updated: Query Status: Found 2 documents in 0.95ms (full scan)
Transaction Status: No active transaction
2025-05-15 10:07:05,231 - INFO - QUERY_PARSE - INDEX - SUCCESS - operation:create_index, field:age, collection:users
2025-05-15 10:07:05,234 - INFO - DATA_SAVE - collection:users - SUCCESS - saved 4 documents
2025-05-15 10:07:05,240 - INFO - INDEX_CREATE - collection:users - SUCCESS - field:age
2025-05-15 10:07:05,241 - INFO - GUI_STATUS - UPDATE - SUCCESS - Status updated: Query Status: Index created on field 'age' in collection '<core.collection.Collection object at 0x00000202C489D900>'
Transaction Status: No active transaction
2025-05-15 10:07:10,577 - INFO - QUERY_PARSE - INDEX - SUCCESS - operation:enable_indexing, enable:True
2025-05-15 10:07:10,577 - INFO - INDEX_TOGGLE - collection:users - SUCCESS - indexing_enabled:True
2025-05-15 10:07:10,579 - INFO - GUI_STATUS - UPDATE - SUCCESS - Status updated: Query Status: Indexing enabled
Transaction Status: No active transaction
2025-05-15 10:07:17,158 - INFO - QUERY_PARSE - QUERY - SUCCESS - operation:find, collection:users
2025-05-15 10:07:17,169 - INFO - QUERY_EXECUTE - collection:users - FULL_SCAN - FULL_SCAN query returned 2 docs in 0.06ms (reason: No suitable index found)
2025-05-15 10:07:17,172 - INFO - GUI_STATUS - UPDATE - SUCCESS - Status updated: Query Status: Found 2 documents in 1.19ms (used index)
Transaction Status: No active transaction
2025-05-15 10:07:27,745 - INFO - QUERY_PARSE - INDEX - SUCCESS - operation:enable_indexing, enable:False
2025-05-15 10:07:27,745 - INFO - INDEX_TOGGLE - collection:users - SUCCESS - indexing_enabled:False
2025-05-15 10:07:27,750 - INFO - GUI_STATUS - UPDATE - SUCCESS - Status updated: Query Status: Indexing disabled
Transaction Status: No active transaction
2025-05-15 10:07:36,944 - INFO - QUERY_PARSE - AGGREGATION - SUCCESS - operation:aggregate, collection:users
2025-05-15 10:07:36,944 - INFO - GUI_STATUS - UPDATE - SUCCESS - Status updated: Query Status: Indexing disabled
Transaction Status: No active transaction
2025-05-15 10:08:40,537 - INFO - GUI_QUERY_EXECUTE - ERROR - FAILED - query:AGGREGATE IN users [{"$group": {"_id": null, "avgAge": {"$avg": "$age"}}}], error:'NoneType' object has no attribute 'startswith'
2025-05-15 10:11:02,803 - INFO - GUI_INIT - STATUS - SUCCESS - Initialized GUI
2025-05-15 10:11:02,815 - INFO - GUI_STATUS - UPDATE - SUCCESS - Status updated: Query Status: Ready
Transaction Status: No active transaction
2025-05-15 10:11:05,929 - INFO - QUERY_PARSE - AGGREGATION - SUCCESS - operation:aggregate, collection:users
2025-05-15 10:11:05,939 - INFO - GUI_STATUS - UPDATE - SUCCESS - Status updated: Query Status: Ready
Transaction Status: No active transaction
2025-05-15 10:11:07,610 - INFO - GUI_QUERY_EXECUTE - ERROR - FAILED - query:AGGREGATE IN users [{"$group": {"_id": null, "avgAge": {"$avg": "$age"}}}], error:No database selected. Use: USE DATABASE dbname
2025-05-15 10:11:08,367 - INFO - GUI_STATUS - UPDATE - SUCCESS - Status updated: Query Status: Using database 'mera_db'
Transaction Status: No active transaction
2025-05-15 10:11:10,172 - INFO - GUI_STATUS - UPDATE - SUCCESS - Status updated: Query Status: Using database 'mera_db'
Transaction Status: No active transaction
2025-05-15 10:11:10,209 - INFO - DATA_LOAD - collection:users - SUCCESS - loaded 4 documents
2025-05-15 10:11:10,209 - INFO - COLLECTION_INIT - collection:users - COMPLETED - path:db\mera_db\users.json, indexes:[], documents:4
2025-05-15 10:11:10,209 - INFO - QUERY_EXECUTE - collection:users - FULL_SCAN - FULL_SCAN query returned 4 docs in 0.70ms (reason: No query provided)
2025-05-15 10:11:10,227 - INFO - GUI_STATUS - UPDATE - SUCCESS - Status updated: Query Status: Found 4 documents in 2.00ms (full scan)
Transaction Status: No active transaction
2025-05-15 10:11:11,437 - INFO - QUERY_PARSE - AGGREGATION - SUCCESS - operation:aggregate, collection:users
2025-05-15 10:11:11,459 - INFO - GUI_STATUS - UPDATE - SUCCESS - Status updated: Query Status: Aggregation completed with 1 results
Transaction Status: No active transaction
2025-05-15 10:11:19,335 - INFO - QUERY_PARSE - AGGREGATION - SUCCESS - operation:aggregate, collection:users
2025-05-15 10:11:19,343 - INFO - GUI_STATUS - UPDATE - SUCCESS - Status updated: Query Status: Aggregation completed with 2 results
Transaction Status: No active transaction
2025-05-15 10:11:26,365 - INFO - QUERY_PARSE - TRANSACTION - SUCCESS - operation:begin_transaction
2025-05-15 10:11:26,402 - INFO - TRANSACTION - BEGIN - mera_db - Transaction 63387d52-a71f-40c0-beb8-20470a82d897 started
2025-05-15 10:11:26,402 - INFO - GUI_STATUS - UPDATE - SUCCESS - Status updated: Query Status: Transaction 63387d52-a71f-40c0-beb8-20470a82d897 started
Transaction Status: Transaction 63387d52-a71f-40c0-beb8-20470a82d897 active
2025-05-15 10:11:26,407 - INFO - GUI_TRANSACTION - BEGIN - SUCCESS - database:mera_db, transaction_id:63387d52-a71f-40c0-beb8-20470a82d897
2025-05-15 10:11:35,615 - INFO - QUERY_PARSE - DOCUMENT - SUCCESS - operation:insert, collection:orders
2025-05-15 10:11:35,617 - INFO - DATA_LOAD - collection:orders - SUCCESS - loaded 0 documents
2025-05-15 10:11:35,617 - INFO - COLLECTION_INIT - collection:orders - COMPLETED - path:db\mera_db\orders.json, indexes:[], documents:0
2025-05-15 10:11:35,617 - INFO - TRANSACTION_CONTEXT - collection:orders - SET - transaction_id:63387d52-a71f-40c0-beb8-20470a82d897
2025-05-15 10:11:35,624 - INFO - QUERY_EXECUTE - collection:orders - FULL_SCAN - FULL_SCAN query returned 0 docs in 0.63ms (reason: No query provided)
2025-05-15 10:11:35,635 - INFO - GUI_STATUS - UPDATE - SUCCESS - Status updated: Query Status: Document inserted with ID: 4159c935-8a89-4e75-ac2a-c4a1e36bbfaa
Transaction Status: Transaction 63387d52-a71f-40c0-beb8-20470a82d897 active
2025-05-15 10:11:41,798 - INFO - QUERY_PARSE - DOCUMENT - SUCCESS - operation:update, collection:users
2025-05-15 10:11:41,798 - INFO - TRANSACTION_CONTEXT - collection:users - SET - transaction_id:63387d52-a71f-40c0-beb8-20470a82d897
2025-05-15 10:11:41,814 - INFO - DOCUMENT_UPDATE_MANY - collection:users - SUCCESS - updated 2 documents, query:{'name': 'John'}
2025-05-15 10:11:41,814 - INFO - QUERY_EXECUTE - collection:users - FULL_SCAN - FULL_SCAN query returned 4 docs in 0.66ms (reason: No query provided)
2025-05-15 10:11:41,829 - INFO - GUI_STATUS - UPDATE - SUCCESS - Status updated: Query Status: Updated 2 documents
Transaction Status: Transaction 63387d52-a71f-40c0-beb8-20470a82d897 active
2025-05-15 10:11:47,172 - INFO - QUERY_PARSE - TRANSACTION - SUCCESS - operation:commit
2025-05-15 10:11:47,172 - INFO - TRANSACTION_CONTEXT - collection:orders - SET - transaction_id:63387d52-a71f-40c0-beb8-20470a82d897
2025-05-15 10:11:47,172 - INFO - TRANSACTION_APPLY - collection:orders - FAILED - type:insert, error:Unsupported operation type: insert
2025-05-15 10:11:47,172 - INFO - TRANSACTION - COMMIT_FAILED - mera_db - Unsupported operation type: insert
2025-05-15 10:11:47,172 - INFO - GUI_STATUS - UPDATE - SUCCESS - Status updated: Query Status: Updated 2 documents
Transaction Status: No active transaction
2025-05-15 10:11:51,197 - INFO - GUI_QUERY_EXECUTE - ERROR - FAILED - query:COMMIT, error:Unsupported operation type: insert
2025-05-15 10:12:13,440 - INFO - QUERY_PARSE - TRANSACTION - SUCCESS - operation:commit
2025-05-15 10:12:13,443 - INFO - GUI_STATUS - UPDATE - SUCCESS - Status updated: Query Status: Updated 2 documents
Transaction Status: No active transaction
2025-05-15 10:12:21,169 - INFO - GUI_QUERY_EXECUTE - ERROR - FAILED - query:COMMIT, error:No active transaction to commit
2025-05-15 10:12:30,168 - INFO - QUERY_PARSE - TRANSACTION - SUCCESS - operation:begin_transaction
2025-05-15 10:12:30,168 - INFO - TRANSACTION - BEGIN - mera_db - Transaction 9244faf7-e1c7-49a4-9503-314d22f50f53 started
2025-05-15 10:12:30,178 - INFO - GUI_STATUS - UPDATE - SUCCESS - Status updated: Query Status: Transaction 9244faf7-e1c7-49a4-9503-314d22f50f53 started
Transaction Status: Transaction 9244faf7-e1c7-49a4-9503-314d22f50f53 active
2025-05-15 10:12:30,178 - INFO - GUI_TRANSACTION - BEGIN - SUCCESS - database:mera_db, transaction_id:9244faf7-e1c7-49a4-9503-314d22f50f53
2025-05-15 10:12:34,784 - INFO - QUERY_PARSE - TRANSACTION - SUCCESS - operation:commit
2025-05-15 10:12:34,784 - INFO - TRANSACTION - COMMIT - mera_db - Transaction 9244faf7-e1c7-49a4-9503-314d22f50f53 committed
2025-05-15 10:12:34,784 - INFO - GUI_STATUS - UPDATE - SUCCESS - Status updated: Query Status: Transaction committed
Transaction Status: No active transaction
2025-05-15 10:12:34,784 - INFO - GUI_TRANSACTION - COMMIT - SUCCESS - database:mera_db
2025-05-15 10:12:49,555 - INFO - QUERY_PARSE - TRANSACTION - SUCCESS - operation:begin_transaction
2025-05-15 10:12:49,555 - INFO - TRANSACTION - BEGIN - mera_db - Transaction a23e42cc-bbe5-433e-ade9-4f4b0809fd64 started
2025-05-15 10:12:49,555 - INFO - GUI_STATUS - UPDATE - SUCCESS - Status updated: Query Status: Transaction a23e42cc-bbe5-433e-ade9-4f4b0809fd64 started
Transaction Status: Transaction a23e42cc-bbe5-433e-ade9-4f4b0809fd64 active
2025-05-15 10:12:49,562 - INFO - GUI_TRANSACTION - BEGIN - SUCCESS - database:mera_db, transaction_id:a23e42cc-bbe5-433e-ade9-4f4b0809fd64
2025-05-15 10:12:54,757 - INFO - QUERY_PARSE - DOCUMENT - SUCCESS - operation:insert, collection:orders
2025-05-15 10:12:54,757 - INFO - TRANSACTION_CONTEXT - collection:orders - SET - transaction_id:a23e42cc-bbe5-433e-ade9-4f4b0809fd64
2025-05-15 10:12:54,761 - INFO - QUERY_EXECUTE - collection:orders - FULL_SCAN - FULL_SCAN query returned 0 docs in 0.68ms (reason: No query provided)
2025-05-15 10:12:54,778 - INFO - GUI_STATUS - UPDATE - SUCCESS - Status updated: Query Status: Document inserted with ID: ba71e1ff-0d2d-496e-9fb1-c1a939cf7519
Transaction Status: Transaction a23e42cc-bbe5-433e-ade9-4f4b0809fd64 active
2025-05-15 10:12:59,389 - INFO - QUERY_PARSE - TRANSACTION - SUCCESS - operation:rollback
2025-05-15 10:12:59,389 - INFO - TRANSACTION_CONTEXT - collection:orders - SET - transaction_id:a23e42cc-bbe5-433e-ade9-4f4b0809fd64
2025-05-15 10:12:59,389 - INFO - TRANSACTION_UNDO - collection:orders - FAILED - type:insert, error:Unsupported operation type: insert
2025-05-15 10:12:59,389 - INFO - TRANSACTION - ROLLBACK_FAILED - mera_db - Unsupported operation type: insert
2025-05-15 10:12:59,389 - INFO - GUI_STATUS - UPDATE - SUCCESS - Status updated: Query Status: Document inserted with ID: ba71e1ff-0d2d-496e-9fb1-c1a939cf7519
Transaction Status: No active transaction
2025-05-15 10:13:01,113 - INFO - GUI_QUERY_EXECUTE - ERROR - FAILED - query:ROLLBACK, error:Unsupported operation type: insert
2025-05-15 10:13:02,702 - INFO - QUERY_PARSE - TRANSACTION - SUCCESS - operation:rollback
2025-05-15 10:13:02,702 - INFO - GUI_STATUS - UPDATE - SUCCESS - Status updated: Query Status: Document inserted with ID: ba71e1ff-0d2d-496e-9fb1-c1a939cf7519
Transaction Status: No active transaction
2025-05-15 10:13:04,294 - INFO - GUI_QUERY_EXECUTE - ERROR - FAILED - query:ROLLBACK, error:No active transaction to rollback
2025-05-15 10:13:08,920 - INFO - QUERY_PARSE - TRANSACTION - SUCCESS - operation:rollback
2025-05-15 10:13:08,920 - INFO - GUI_STATUS - UPDATE - SUCCESS - Status updated: Query Status: Document inserted with ID: ba71e1ff-0d2d-496e-9fb1-c1a939cf7519
Transaction Status: No active transaction
2025-05-15 10:13:10,547 - INFO - GUI_QUERY_EXECUTE - ERROR - FAILED - query:rollback, error:No active transaction to rollback
2025-05-15 10:14:04,498 - INFO - QUERY_PARSE - BACKUP - SUCCESS - operation:backup, name:b
2025-05-15 10:14:04,650 - INFO - BACKUP_CREATE - db:mera_db - SUCCESS - path:backups\mera_db_20250515_101404.zip
2025-05-15 10:14:04,650 - INFO - GUI_STATUS - UPDATE - SUCCESS - Status updated: Query Status: Backup created at: backups\mera_db_20250515_101404.zip
Transaction Status: No active transaction
2025-05-15 10:14:16,425 - INFO - QUERY_PARSE - RESTORE - SUCCESS - operation:restore, name:b
2025-05-15 10:14:16,430 - INFO - BACKUP_RESTORE - db:b - FAILED - Backup file b not found
2025-05-15 10:14:16,430 - INFO - GUI_STATUS - UPDATE - SUCCESS - Status updated: Query Status: Backup created at: backups\mera_db_20250515_101404.zip
Transaction Status: No active transaction
2025-05-15 10:14:20,224 - INFO - GUI_QUERY_EXECUTE - ERROR - FAILED - query:RESTORE KARO b, error:Backup file b not found
2025-05-15 10:14:29,972 - INFO - QUERY_PARSE - ERROR - FAILED - query:backup karo abc, error:Unknown query command: backup karo abc
2025-05-15 10:14:29,972 - INFO - GUI_STATUS - UPDATE - SUCCESS - Status updated: Query Status: Backup created at: backups\mera_db_20250515_101404.zip
Transaction Status: No active transaction
2025-05-15 10:14:31,830 - INFO - GUI_QUERY_EXECUTE - ERROR - FAILED - query:backup karo abc, error:Unknown query command: backup karo abc
2025-05-15 10:15:26,127 - INFO - QUERY_PARSE - BACKUP - SUCCESS - operation:backup, name:abc
2025-05-15 10:15:26,166 - INFO - BACKUP_CREATE - db:mera_db - SUCCESS - path:backups\mera_db_20250515_101526.zip
2025-05-15 10:15:26,166 - INFO - GUI_STATUS - UPDATE - SUCCESS - Status updated: Query Status: Backup created at: backups\mera_db_20250515_101526.zip
Transaction Status: No active transaction
2025-05-15 10:15:39,611 - INFO - GUI_STATUS - UPDATE - SUCCESS - Status updated: Query Status: Using database 'abc'
Transaction Status: No active transaction
2025-05-15 10:15:40,977 - INFO - QUERY_PARSE - BACKUP - SUCCESS - operation:backup, name:abc
2025-05-15 10:15:40,977 - INFO - BACKUP_CREATE - db:abc - SUCCESS - path:backups\abc_20250515_101540.zip
2025-05-15 10:15:40,977 - INFO - GUI_STATUS - UPDATE - SUCCESS - Status updated: Query Status: Backup created at: backups\abc_20250515_101540.zip
Transaction Status: No active transaction
2025-05-15 10:16:11,191 - INFO - QUERY_PARSE - RESTORE - SUCCESS - operation:restore, name:abc
2025-05-15 10:16:11,191 - INFO - BACKUP_RESTORE - db:abc - FAILED - Backup file abc not found
2025-05-15 10:16:11,191 - INFO - GUI_STATUS - UPDATE - SUCCESS - Status updated: Query Status: Backup created at: backups\abc_20250515_101540.zip
Transaction Status: No active transaction
2025-05-15 10:16:13,109 - INFO - GUI_QUERY_EXECUTE - ERROR - FAILED - query:restore karo abc, error:Backup file abc not found
2025-05-15 10:16:17,576 - INFO - QUERY_PARSE - RESTORE - SUCCESS - operation:restore, name:abc
2025-05-15 10:16:17,576 - INFO - BACKUP_RESTORE - db:abc - FAILED - Backup file abc not found
2025-05-15 10:16:17,576 - INFO - GUI_STATUS - UPDATE - SUCCESS - Status updated: Query Status: Backup created at: backups\abc_20250515_101540.zip
Transaction Status: No active transaction
2025-05-15 10:16:19,126 - INFO - GUI_QUERY_EXECUTE - ERROR - FAILED - query:restore karo abc, error:Backup file abc not found
2025-05-15 10:21:26,290 - INFO - GUI_INIT - STATUS - SUCCESS - Initialized GUI
2025-05-15 10:21:26,293 - INFO - GUI_STATUS - UPDATE - SUCCESS - Status updated: Query Status: Ready
Transaction Status: No active transaction
2025-05-15 10:21:53,174 - INFO - QUERY_PARSE - RESTORE - SUCCESS - operation:restore, name:abc
2025-05-15 10:21:53,226 - INFO - BACKUP_RESTORE - db:abc - FAILED - Backup file abc not found
2025-05-15 10:21:53,226 - INFO - GUI_STATUS - UPDATE - SUCCESS - Status updated: Query Status: Ready
Transaction Status: No active transaction
2025-05-15 10:21:55,195 - INFO - GUI_QUERY_EXECUTE - ERROR - FAILED - query:restore karo abc, error:Backup file abc not found
2025-05-15 10:27:06,621 - INFO - GUI_INIT - STATUS - SUCCESS - Initialized GUI
2025-05-15 10:27:06,624 - INFO - GUI_STATUS - UPDATE - SUCCESS - Status updated: Query Status: Ready
Transaction Status: No active transaction
2025-05-15 10:27:26,824 - INFO - QUERY_PARSE - RESTORE - SUCCESS - operation:restore, name:abc
2025-05-15 10:27:26,907 - INFO - BACKUP_RESTORE - db:abc - SUCCESS - path:backups\abc_20250515_101540.zip
2025-05-15 10:27:26,907 - INFO - GUI_STATUS - UPDATE - SUCCESS - Status updated: Query Status: Database 'abc' restored
Transaction Status: No active transaction
2025-05-15 10:27:38,490 - INFO - GUI_STATUS - UPDATE - SUCCESS - Status updated: Query Status: Using database 'lms'
Transaction Status: No active transaction
2025-05-15 10:27:40,090 - INFO - GUI_STATUS - UPDATE - SUCCESS - Status updated: Query Status: Using database 'lms'
Transaction Status: No active transaction
2025-05-15 10:27:40,838 - INFO - GUI_STATUS - UPDATE - SUCCESS - Status updated: Query Status: Using database 'lms'
Transaction Status: No active transaction
2025-05-15 10:27:46,296 - INFO - QUERY_PARSE - BACKUP - SUCCESS - operation:backup, name:company
2025-05-15 10:27:46,422 - INFO - BACKUP_CREATE - db:lms - SUCCESS - path:backups\lms_20250515_102746.zip
2025-05-15 10:27:46,423 - INFO - GUI_STATUS - UPDATE - SUCCESS - Status updated: Query Status: Backup created at: backups\lms_20250515_102746.zip
Transaction Status: No active transaction
2025-05-15 10:36:38,489 - INFO - GUI_INIT - STATUS - SUCCESS - Initialized GUI
2025-05-15 10:36:38,493 - INFO - GUI_STATUS - UPDATE - SUCCESS - Status updated: Query Status: Ready
Transaction Status: No active transaction
2025-05-15 10:40:47,208 - INFO - GUI_STATUS - UPDATE - SUCCESS - Status updated: Query Status: Using database 'fiveriver'
Transaction Status: No active transaction
2025-05-15 10:40:48,559 - INFO - QUERY_PARSE - ERROR - FAILED - query:backup karo company, error:Unknown query command: backup karo company
2025-05-15 10:40:48,559 - INFO - GUI_STATUS - UPDATE - SUCCESS - Status updated: Query Status: Using database 'fiveriver'
Transaction Status: No active transaction
2025-05-15 10:40:53,709 - INFO - GUI_QUERY_EXECUTE - ERROR - FAILED - query:backup karo company, error:Unknown query command: backup karo company
2025-05-15 10:44:30,392 - INFO - GUI_INIT - STATUS - SUCCESS - Initialized GUI
2025-05-15 10:44:30,392 - INFO - GUI_STATUS - UPDATE - SUCCESS - Status updated: Query Status: Ready
Transaction Status: No active transaction
2025-05-15 10:44:39,801 - INFO - GUI_STATUS - UPDATE - SUCCESS - Status updated: Query Status: Using database 'fiveriver'
Transaction Status: No active transaction
2025-05-15 10:44:41,475 - INFO - QUERY_PARSE - BACKUP - SUCCESS - operation:backup, name:company
2025-05-15 10:44:41,559 - INFO - BACKUP_CREATE - db:company - SUCCESS - path:backups\company_20250515_104441.zip
2025-05-15 10:44:41,559 - INFO - GUI_STATUS - UPDATE - SUCCESS - Status updated: Query Status: Backup created at: backups\company_20250515_104441.zip
Transaction Status: No active transaction
2025-05-15 10:44:54,657 - INFO - QUERY_PARSE - BACKUP - SUCCESS - operation:backup, name:company
2025-05-15 10:44:54,662 - INFO - BACKUP_CREATE - db:company - FAILED - Database company not found
2025-05-15 10:44:54,662 - INFO - GUI_STATUS - UPDATE - SUCCESS - Status updated: Query Status: Backup created at: backups\company_20250515_104441.zip
Transaction Status: No active transaction
2025-05-15 10:44:56,006 - INFO - GUI_QUERY_EXECUTE - ERROR - FAILED - query:backup banao company, error:Database company not found
2025-05-15 10:45:47,437 - INFO - QUERY_PARSE - RESTORE - SUCCESS - operation:restore, name:company
2025-05-15 10:45:47,491 - INFO - BACKUP_RESTORE - db:company - SUCCESS - path:backups\company_20250515_104441.zip
2025-05-15 10:45:47,502 - INFO - GUI_STATUS - UPDATE - SUCCESS - Status updated: Query Status: Database 'company' restored
Transaction Status: No active transaction
2025-05-15 10:45:48,690 - INFO - GUI_STATUS - UPDATE - SUCCESS - Status updated: Query Status: Using database 'company'
Transaction Status: No active transaction
2025-05-15 10:45:49,469 - INFO - GUI_STATUS - UPDATE - SUCCESS - Status updated: Query Status: Using database 'company'
Transaction Status: No active transaction
2025-05-15 10:45:50,982 - INFO - GUI_STATUS - UPDATE - SUCCESS - Status updated: Query Status: Using database 'company'
Transaction Status: No active transaction
2025-05-15 10:46:12,354 - INFO - GUI_INIT - STATUS - SUCCESS - Initialized GUI
2025-05-15 10:46:12,358 - INFO - GUI_STATUS - UPDATE - SUCCESS - Status updated: Query Status: Ready
Transaction Status: No active transaction
2025-05-15 10:47:19,992 - INFO - GUI_STATUS - UPDATE - SUCCESS - Status updated: Query Status: Using database 'fiveriver'
Transaction Status: No active transaction
2025-05-15 10:47:21,220 - INFO - GUI_STATUS - UPDATE - SUCCESS - Status updated: Query Status: Using database 'fiveriver'
Transaction Status: No active transaction
2025-05-15 10:47:21,220 - INFO - DATA_LOAD - collection:users - SUCCESS - loaded 7 documents
2025-05-15 10:47:21,229 - INFO - COLLECTION_INIT - collection:users - COMPLETED - path:db\fiveriver\users.json, indexes:[], documents:7
2025-05-15 10:47:21,229 - INFO - QUERY_EXECUTE - collection:users - FULL_SCAN - FULL_SCAN query returned 7 docs in 0.80ms (reason: No query provided)
2025-05-15 10:47:21,248 - INFO - GUI_STATUS - UPDATE - SUCCESS - Status updated: Query Status: Found 7 documents in 1.84ms (full scan)
Transaction Status: No active transaction
2025-05-15 10:47:23,419 - INFO - QUERY_PARSE - DOCUMENT - SUCCESS - operation:insert, collection:users
2025-05-15 10:47:23,425 - INFO - DATA_SAVE - collection:users - SUCCESS - saved 8 documents
2025-05-15 10:47:23,426 - INFO - DOCUMENT_INSERT - collection:users - SUCCESS - id:c281098e-c6ef-4c98-a33f-090e26ee67dd
2025-05-15 10:47:23,426 - INFO - QUERY_EXECUTE - collection:users - FULL_SCAN - FULL_SCAN query returned 8 docs in 0.83ms (reason: No query provided)
2025-05-15 10:47:23,440 - INFO - GUI_STATUS - UPDATE - SUCCESS - Status updated: Query Status: Document inserted with ID: c281098e-c6ef-4c98-a33f-090e26ee67dd
Transaction Status: No active transaction
2025-05-15 10:47:28,931 - INFO - QUERY_PARSE - QUERY - SUCCESS - operation:find, collection:users
2025-05-15 10:47:28,933 - INFO - QUERY_EXECUTE - collection:users - FULL_SCAN - FULL_SCAN query returned 0 docs in 0.05ms (reason: No suitable index found)
2025-05-15 10:47:28,941 - INFO - GUI_STATUS - UPDATE - SUCCESS - Status updated: Query Status: Found 0 documents in 1.27ms (full scan)
Transaction Status: No active transaction
2025-05-15 10:47:34,634 - INFO - QUERY_PARSE - QUERY - SUCCESS - operation:find, collection:users
2025-05-15 10:47:34,635 - INFO - QUERY_EXECUTE - collection:users - FULL_SCAN - FULL_SCAN query returned 0 docs in 0.02ms (reason: No suitable index found)
2025-05-15 10:47:34,635 - INFO - GUI_STATUS - UPDATE - SUCCESS - Status updated: Query Status: Found 0 documents in 0.50ms (full scan)
Transaction Status: No active transaction
2025-05-15 10:48:35,529 - INFO - QUERY_PARSE - QUERY - SUCCESS - operation:find, collection:users
2025-05-15 10:48:35,529 - INFO - QUERY_EXECUTE - collection:users - FULL_SCAN - FULL_SCAN query returned 0 docs in 0.01ms (reason: No suitable index found)
2025-05-15 10:48:35,532 - INFO - GUI_STATUS - UPDATE - SUCCESS - Status updated: Query Status: Found 0 documents in 0.43ms (full scan)
Transaction Status: No active transaction
2025-05-15 10:48:56,635 - INFO - QUERY_PARSE - QUERY - SUCCESS - operation:find, collection:users
2025-05-15 10:48:56,642 - INFO - QUERY_EXECUTE - collection:users - FULL_SCAN - FULL_SCAN query returned 0 docs in 0.04ms (reason: No suitable index found)
2025-05-15 10:48:56,651 - INFO - GUI_STATUS - UPDATE - SUCCESS - Status updated: Query Status: Found 0 documents in 1.29ms (full scan)
Transaction Status: No active transaction
2025-05-15 10:49:06,419 - INFO - QUERY_PARSE - AGGREGATION - SUCCESS - operation:aggregate, collection:test_data
2025-05-15 10:49:06,419 - INFO - GUI_STATUS - UPDATE - SUCCESS - Status updated: Query Status: Found 0 documents in 1.29ms (full scan)
Transaction Status: No active transaction
2025-05-15 10:49:09,941 - INFO - GUI_QUERY_EXECUTE - ERROR - FAILED - query:AGGREGATE IN test_data [
    {"$match": {"timestamp": {"$gt": 1234567000}}},
    {"$group": {"_id": "$category", "avgValue": {"$avg": "$value"}}}
], error:Collection 'None' not found
2025-05-15 10:49:32,502 - INFO - QUERY_PARSE - ERROR - FAILED - query:s, error:Unknown query command: s
2025-05-15 10:49:32,508 - INFO - GUI_STATUS - UPDATE - SUCCESS - Status updated: Query Status: Found 0 documents in 1.29ms (full scan)
Transaction Status: No active transaction
2025-05-15 10:49:35,626 - INFO - GUI_QUERY_EXECUTE - ERROR - FAILED - query:s, error:Unknown query command: s
2025-05-15 10:49:37,911 - INFO - QUERY_PARSE - AGGREGATION - SUCCESS - operation:aggregate, collection:users
2025-05-15 10:49:37,921 - INFO - GUI_STATUS - UPDATE - SUCCESS - Status updated: Query Status: Aggregation completed with 0 results
Transaction Status: No active transaction
